This file contains any messages produced by compilers while
running configure, to aid debugging if configure makes a mistake.

It was created by configure, which was
generated by GNU Autoconf 2.65.  Invocation command line was

  $ ./configure 

## --------- ##
## Platform. ##
## --------- ##

hostname = cloud-4
uname -m = i686
uname -r = 3.2.0-35-generic-pae
uname -s = Linux
uname -v = #55-Ubuntu SMP Wed Dec 5 18:04:39 UTC 2012

/usr/bin/uname -p = unknown
/bin/uname -X     = unknown

/bin/arch              = unknown
/usr/bin/arch -k       = unknown
/usr/convex/getsysinfo = unknown
/usr/bin/hostinfo      = unknown
/bin/machine           = unknown
/usr/bin/oslevel       = unknown
/bin/universe          = unknown

PATH: /usr/local/sbin
PATH: /usr/local/bin
PATH: /usr/sbin
PATH: /usr/bin
PATH: /sbin
PATH: /bin
PATH: /usr/games


## ----------- ##
## Core tests. ##
## ----------- ##

configure:2270: checking for a BSD-compatible install
configure:2338: result: /usr/bin/install -c
configure:2349: checking whether build environment is sane
configure:2399: result: yes
configure:2540: checking for a thread-safe mkdir -p
configure:2579: result: /bin/mkdir -p
configure:2592: checking for gawk
configure:2608: found /usr/bin/gawk
configure:2619: result: gawk
configure:2630: checking whether make sets $(MAKE)
configure:2652: result: yes
configure:2795: checking for gcc
configure:2811: found /usr/bin/gcc
configure:2822: result: gcc
configure:3051: checking for C compiler version
configure:3060: gcc --version >&5
gcc (Ubuntu/Linaro 4.6.3-1ubuntu5) 4.6.3
Copyright (C) 2011 Free Software Foundation, Inc.
This is free software; see the source for copying conditions.  There is NO
warranty; not even for MERCHANTABILITY or FITNESS FOR A PARTICULAR PURPOSE.

configure:3071: $? = 0
configure:3060: gcc -v >&5
Using built-in specs.
COLLECT_GCC=gcc
COLLECT_LTO_WRAPPER=/usr/lib/gcc/i686-linux-gnu/4.6/lto-wrapper
Target: i686-linux-gnu
Configured with: ../src/configure -v --with-pkgversion='Ubuntu/Linaro 4.6.3-1ubuntu5' --with-bugurl=file:///usr/share/doc/gcc-4.6/README.Bugs --enable-languages=c,c++,fortran,objc,obj-c++ --prefix=/usr --program-suffix=-4.6 --enable-shared --enable-linker-build-id --with-system-zlib --libexecdir=/usr/lib --without-included-gettext --enable-threads=posix --with-gxx-include-dir=/usr/include/c++/4.6 --libdir=/usr/lib --enable-nls --with-sysroot=/ --enable-clocale=gnu --enable-libstdcxx-debug --enable-libstdcxx-time=yes --enable-gnu-unique-object --enable-plugin --enable-objc-gc --enable-targets=all --disable-werror --with-arch-32=i686 --with-tune=generic --enable-checking=release --build=i686-linux-gnu --host=i686-linux-gnu --target=i686-linux-gnu
Thread model: posix
gcc version 4.6.3 (Ubuntu/Linaro 4.6.3-1ubuntu5) 
configure:3071: $? = 0
configure:3060: gcc -V >&5
gcc: error: unrecognized option '-V'
gcc: fatal error: no input files
compilation terminated.
configure:3071: $? = 4
configure:3060: gcc -qversion >&5
gcc: error: unrecognized option '-qversion'
gcc: fatal error: no input files
compilation terminated.
configure:3071: $? = 4
configure:3091: checking whether the C compiler works
configure:3113: gcc    conftest.c  >&5
configure:3117: $? = 0
configure:3166: result: yes
configure:3169: checking for C compiler default output file name
configure:3171: result: a.out
configure:3177: checking for suffix of executables
configure:3184: gcc -o conftest    conftest.c  >&5
configure:3188: $? = 0
configure:3210: result: 
configure:3232: checking whether we are cross compiling
configure:3240: gcc -o conftest    conftest.c  >&5
configure:3244: $? = 0
configure:3251: ./conftest
configure:3255: $? = 0
configure:3270: result: no
configure:3275: checking for suffix of object files
configure:3297: gcc -c   conftest.c >&5
configure:3301: $? = 0
configure:3322: result: o
configure:3326: checking whether we are using the GNU C compiler
configure:3345: gcc -c   conftest.c >&5
configure:3345: $? = 0
configure:3354: result: yes
configure:3363: checking whether gcc accepts -g
configure:3383: gcc -c -g  conftest.c >&5
configure:3383: $? = 0
configure:3424: result: yes
configure:3441: checking for gcc option to accept ISO C89
configure:3505: gcc  -c -g -O2  conftest.c >&5
configure:3505: $? = 0
configure:3518: result: none needed
configure:3549: checking for style of include used by make
configure:3577: result: GNU
configure:3602: checking dependency style of gcc
configure:3712: result: gcc3
configure:3756: checking build system type
configure:3770: result: i686-pc-linux-gnu
configure:3790: checking host system type
configure:3803: result: i686-pc-linux-gnu
configure:3823: checking for a sed that does not truncate output
configure:3887: result: /bin/sed
configure:3905: checking for grep that handles long lines and -e
configure:3963: result: /bin/grep
configure:3968: checking for egrep
configure:4030: result: /bin/grep -E
configure:4035: checking for fgrep
configure:4097: result: /bin/grep -F
configure:4132: checking for ld used by gcc
configure:4199: result: /usr/bin/ld
configure:4206: checking if the linker (/usr/bin/ld) is GNU ld
configure:4221: result: yes
configure:4233: checking for BSD- or MS-compatible name lister (nm)
configure:4282: result: /usr/bin/nm -B
configure:4400: checking the name lister (/usr/bin/nm -B) interface
configure:4407: gcc -c -g -O2  conftest.c >&5
configure:4410: /usr/bin/nm -B "conftest.o"
configure:4413: output
00000000 B some_variable
configure:4420: result: BSD nm
configure:4423: checking whether ln -s works
configure:4427: result: yes
configure:4435: checking the maximum length of command line arguments
configure:4555: result: 1572864
configure:4572: checking whether the shell understands some XSI constructs
configure:4582: result: yes
configure:4586: checking whether the shell understands "+="
configure:4592: result: yes
configure:4627: checking for /usr/bin/ld option to reload object files
configure:4634: result: -r
configure:4703: checking for objdump
configure:4719: found /usr/bin/objdump
configure:4730: result: objdump
configure:4762: checking how to recognize dependent libraries
configure:4958: result: pass_all
configure:5018: checking for ar
configure:5034: found /usr/bin/ar
configure:5045: result: ar
configure:5123: checking for strip
configure:5139: found /usr/bin/strip
configure:5150: result: strip
configure:5222: checking for ranlib
configure:5238: found /usr/bin/ranlib
configure:5249: result: ranlib
configure:5339: checking command to parse /usr/bin/nm -B output from gcc object
configure:5457: gcc -c -g -O2  conftest.c >&5
configure:5460: $? = 0
configure:5464: /usr/bin/nm -B conftest.o \| sed -n -e 's/^.*[	 ]\([ABCDGIRSTW][ABCDGIRSTW]*\)[	 ][	 ]*\([_A-Za-z][_A-Za-z0-9]*\)$/\1 \2 \2/p' \> conftest.nm
configure:5467: $? = 0
configure:5521: gcc -o conftest -g -O2   conftest.c conftstm.o >&5
configure:5524: $? = 0
configure:5562: result: ok
configure:6371: checking how to run the C preprocessor
configure:6402: gcc -E  conftest.c
configure:6402: $? = 0
configure:6416: gcc -E  conftest.c
conftest.c:9:28: fatal error: ac_nonexistent.h: No such file or directory
compilation terminated.
configure:6416: $? = 1
configure: failed program was:
| /* confdefs.h */
| #define PACKAGE_NAME ""
| #define PACKAGE_TARNAME ""
| #define PACKAGE_VERSION ""
| #define PACKAGE_STRING ""
| #define PACKAGE_BUGREPORT ""
| #define PACKAGE_URL ""
| /* end confdefs.h.  */
| #include <ac_nonexistent.h>
configure:6441: result: gcc -E
configure:6461: gcc -E  conftest.c
configure:6461: $? = 0
configure:6475: gcc -E  conftest.c
conftest.c:9:28: fatal error: ac_nonexistent.h: No such file or directory
compilation terminated.
configure:6475: $? = 1
configure: failed program was:
| /* confdefs.h */
| #define PACKAGE_NAME ""
| #define PACKAGE_TARNAME ""
| #define PACKAGE_VERSION ""
| #define PACKAGE_STRING ""
| #define PACKAGE_BUGREPORT ""
| #define PACKAGE_URL ""
| /* end confdefs.h.  */
| #include <ac_nonexistent.h>
configure:6504: checking for ANSI C header files
configure:6524: gcc -c -g -O2  conftest.c >&5
configure:6524: $? = 0
configure:6597: gcc -o conftest -g -O2   conftest.c  >&5
configure:6597: $? = 0
configure:6597: ./conftest
configure:6597: $? = 0
configure:6608: result: yes
configure:6621: checking for sys/types.h
configure:6621: gcc -c -g -O2  conftest.c >&5
configure:6621: $? = 0
configure:6621: result: yes
configure:6621: checking for sys/stat.h
configure:6621: gcc -c -g -O2  conftest.c >&5
configure:6621: $? = 0
configure:6621: result: yes
configure:6621: checking for stdlib.h
configure:6621: gcc -c -g -O2  conftest.c >&5
configure:6621: $? = 0
configure:6621: result: yes
configure:6621: checking for string.h
configure:6621: gcc -c -g -O2  conftest.c >&5
configure:6621: $? = 0
configure:6621: result: yes
configure:6621: checking for memory.h
configure:6621: gcc -c -g -O2  conftest.c >&5
configure:6621: $? = 0
configure:6621: result: yes
configure:6621: checking for strings.h
configure:6621: gcc -c -g -O2  conftest.c >&5
configure:6621: $? = 0
configure:6621: result: yes
configure:6621: checking for inttypes.h
configure:6621: gcc -c -g -O2  conftest.c >&5
configure:6621: $? = 0
configure:6621: result: yes
configure:6621: checking for stdint.h
configure:6621: gcc -c -g -O2  conftest.c >&5
configure:6621: $? = 0
configure:6621: result: yes
configure:6621: checking for unistd.h
configure:6621: gcc -c -g -O2  conftest.c >&5
configure:6621: $? = 0
configure:6621: result: yes
configure:6636: checking for dlfcn.h
configure:6636: gcc -c -g -O2  conftest.c >&5
configure:6636: $? = 0
configure:6636: result: yes
configure:6820: checking for objdir
configure:6835: result: .libs
configure:7131: checking if gcc supports -fno-rtti -fno-exceptions
configure:7149: gcc -c -g -O2  -fno-rtti -fno-exceptions conftest.c >&5
cc1: warning: command line option '-fno-rtti' is valid for C++/ObjC++ but not for C [enabled by default]
configure:7153: $? = 0
configure:7166: result: no
configure:7186: checking for gcc option to produce PIC
configure:7458: result: -fPIC -DPIC
configure:7470: checking if gcc PIC flag -fPIC -DPIC works
configure:7488: gcc -c -g -O2  -fPIC -DPIC -DPIC conftest.c >&5
configure:7492: $? = 0
configure:7505: result: yes
configure:7529: checking if gcc static flag -static works
configure:7557: result: yes
configure:7572: checking if gcc supports -c -o file.o
configure:7593: gcc -c -g -O2  -o out/conftest2.o conftest.c >&5
configure:7597: $? = 0
configure:7619: result: yes
configure:7627: checking if gcc supports -c -o file.o
configure:7674: result: yes
configure:7707: checking whether the gcc linker (/usr/bin/ld) supports shared libraries
configure:8698: result: yes
configure:8735: checking whether -lc should be explicitly linked in
configure:8740: gcc -c -g -O2  conftest.c >&5
configure:8743: $? = 0
configure:8758: gcc -shared conftest.o  -v -Wl,-soname -Wl,conftest -o conftest 2\>\&1 \| /bin/grep  -lc  \>/dev/null 2\>\&1
configure:8761: $? = 0
configure:8773: result: no
configure:8937: checking dynamic linker characteristics
configure:9370: gcc -o conftest -g -O2   -Wl,-rpath -Wl,/foo conftest.c  >&5
configure:9370: $? = 0
configure:9600: result: GNU/Linux ld.so
configure:9702: checking how to hardcode library paths into programs
configure:9727: result: immediate
configure:10247: checking whether stripping libraries is possible
configure:10252: result: yes
configure:10287: checking if libtool supports shared libraries
configure:10289: result: yes
configure:10292: checking whether to build shared libraries
configure:10313: result: yes
configure:10316: checking whether to build static libraries
configure:10320: result: yes
configure:10358: checking for an ANSI C-conforming const
configure:10423: gcc -c -g -O2  conftest.c >&5
configure:10423: $? = 0
configure:10430: result: yes
configure:10442: checking for strdup
configure:10442: gcc -o conftest -g -O2   conftest.c  >&5
conftest.c:44:6: warning: conflicting types for built-in function 'strdup' [enabled by default]
configure:10442: $? = 0
configure:10442: result: yes
configure:10442: checking for strerror
configure:10442: gcc -o conftest -g -O2   conftest.c  >&5
configure:10442: $? = 0
configure:10442: result: yes
configure:10638: creating ./config.status

## ---------------------- ##
## Running config.status. ##
## ---------------------- ##

This file was extended by config.status, which was
generated by GNU Autoconf 2.65.  Invocation command line was

  CONFIG_FILES    = 
  CONFIG_HEADERS  = 
  CONFIG_LINKS    = 
  CONFIG_COMMANDS = 
  $ ./config.status 

on cloud-4

config.status:1074: creating Makefile
config.status:1074: creating src/Makefile
config.status:1074: creating tests/Makefile
config.status:1074: creating tgzbuild/Makefile
config.status:1074: creating tgz2build/Makefile
config.status:1074: creating eventlog.pc
config.status:1074: creating eventlog.spec.bb
config.status:1074: creating solbuild/Makefile
config.status:1074: creating winbuild/Makefile
config.status:1074: creating config.h
config.status:1246: config.h is unchanged
config.status:1294: executing depfiles commands
config.status:1294: executing libtool commands

## ---------------- ##
## Cache variables. ##
## ---------------- ##

ac_cv_build=i686-pc-linux-gnu
ac_cv_c_compiler_gnu=yes
ac_cv_c_const=yes
ac_cv_env_CC_set=
ac_cv_env_CC_value=
ac_cv_env_CFLAGS_set=
ac_cv_env_CFLAGS_value=
ac_cv_env_CPPFLAGS_set=
ac_cv_env_CPPFLAGS_value=
ac_cv_env_CPP_set=
ac_cv_env_CPP_value=
ac_cv_env_LDFLAGS_set=
ac_cv_env_LDFLAGS_value=
ac_cv_env_LIBS_set=
ac_cv_env_LIBS_value=
ac_cv_env_build_alias_set=
ac_cv_env_build_alias_value=
ac_cv_env_host_alias_set=
ac_cv_env_host_alias_value=
ac_cv_env_target_alias_set=
ac_cv_env_target_alias_value=
ac_cv_func_strdup=yes
ac_cv_func_strerror=yes
ac_cv_header_dlfcn_h=yes
ac_cv_header_inttypes_h=yes
ac_cv_header_memory_h=yes
ac_cv_header_stdc=yes
ac_cv_header_stdint_h=yes
ac_cv_header_stdlib_h=yes
ac_cv_header_string_h=yes
ac_cv_header_strings_h=yes
ac_cv_header_sys_stat_h=yes
ac_cv_header_sys_types_h=yes
ac_cv_header_unistd_h=yes
ac_cv_host=i686-pc-linux-gnu
ac_cv_objext=o
ac_cv_path_EGREP='/bin/grep -E'
ac_cv_path_FGREP='/bin/grep -F'
ac_cv_path_GREP=/bin/grep
ac_cv_path_SED=/bin/sed
ac_cv_path_install='/usr/bin/install -c'
ac_cv_path_mkdir=/bin/mkdir
ac_cv_prog_AWK=gawk
ac_cv_prog_CPP='gcc -E'
ac_cv_prog_ac_ct_AR=ar
ac_cv_prog_ac_ct_CC=gcc
ac_cv_prog_ac_ct_OBJDUMP=objdump
ac_cv_prog_ac_ct_RANLIB=ranlib
ac_cv_prog_ac_ct_STRIP=strip
ac_cv_prog_cc_c89=
ac_cv_prog_cc_g=yes
ac_cv_prog_make_make_set=yes
am_cv_CC_dependencies_compiler_type=gcc3
lt_cv_deplibs_check_method=pass_all
lt_cv_file_magic_cmd='$MAGIC_CMD'
lt_cv_file_magic_test_file=
lt_cv_ld_reload_flag=-r
lt_cv_nm_interface='BSD nm'
lt_cv_objdir=.libs
lt_cv_path_LD=/usr/bin/ld
lt_cv_path_NM='/usr/bin/nm -B'
lt_cv_prog_compiler_c_o=yes
lt_cv_prog_compiler_pic_works=yes
lt_cv_prog_compiler_rtti_exceptions=no
lt_cv_prog_compiler_static_works=yes
lt_cv_prog_gnu_ld=yes
lt_cv_sys_global_symbol_pipe='sed -n -e '\''s/^.*[	 ]\([ABCDGIRSTW][ABCDGIRSTW]*\)[	 ][	 ]*\([_A-Za-z][_A-Za-z0-9]*\)$/\1 \2 \2/p'\'''
lt_cv_sys_global_symbol_to_c_name_address='sed -n -e '\''s/^: \([^ ]*\) $/  {\"\1\", (void *) 0},/p'\'' -e '\''s/^[ABCDGIRSTW]* \([^ ]*\) \([^ ]*\)$/  {"\2", (void *) \&\2},/p'\'''
lt_cv_sys_global_symbol_to_c_name_address_lib_prefix='sed -n -e '\''s/^: \([^ ]*\) $/  {\"\1\", (void *) 0},/p'\'' -e '\''s/^[ABCDGIRSTW]* \([^ ]*\) \(lib[^ ]*\)$/  {"\2", (void *) \&\2},/p'\'' -e '\''s/^[ABCDGIRSTW]* \([^ ]*\) \([^ ]*\)$/  {"lib\2", (void *) \&\2},/p'\'''
lt_cv_sys_global_symbol_to_cdecl='sed -n -e '\''s/^T .* \(.*\)$/extern int \1();/p'\'' -e '\''s/^[ABCDGIRSTW]* .* \(.*\)$/extern char \1;/p'\'''
lt_cv_sys_max_cmd_len=1572864

## ----------------- ##
## Output variables. ##
## ----------------- ##

ACLOCAL='${SHELL} /root/monitor/syslog-ng-3.4.1/eventlog-0.2.12/missing --run aclocal-1.11'
AMDEPBACKSLASH='\'
AMDEP_FALSE='#'
AMDEP_TRUE=''
AMTAR='${SHELL} /root/monitor/syslog-ng-3.4.1/eventlog-0.2.12/missing --run tar'
AR='ar'
AUTOCONF='${SHELL} /root/monitor/syslog-ng-3.4.1/eventlog-0.2.12/missing --run autoconf'
AUTOHEADER='${SHELL} /root/monitor/syslog-ng-3.4.1/eventlog-0.2.12/missing --run autoheader'
AUTOMAKE='${SHELL} /root/monitor/syslog-ng-3.4.1/eventlog-0.2.12/missing --run automake-1.11'
AWK='gawk'
CC='gcc'
CCDEPMODE='depmode=gcc3'
CFLAGS='-g -O2 -Wall'
CPP='gcc -E'
CPPFLAGS='-D_GNU_SOURCE'
CURRDATE='Fri, 10 May 2013 02:07:30 -0700'
CYGPATH_W='echo'
DEFS='-DHAVE_CONFIG_H'
DEPDIR='.deps'
DSYMUTIL=''
DUMPBIN=''
ECHO_C=''
ECHO_N='-n'
ECHO_T=''
EGREP='/bin/grep -E'
EXEEXT=''
FGREP='/bin/grep -F'
GREP='/bin/grep'
INSTALL_DATA='${INSTALL} -m 644'
INSTALL_PROGRAM='${INSTALL}'
INSTALL_SCRIPT='${INSTALL}'
INSTALL_STRIP_PROGRAM='$(install_sh) -c -s'
LD='/usr/bin/ld'
LDFLAGS=''
LIBOBJS=''
LIBS=''
LIBTOOL='$(SHELL) $(top_builddir)/libtool'
LIPO=''
LN_S='ln -s'
LTLIBOBJS=''
MAKEINFO='${SHELL} /root/monitor/syslog-ng-3.4.1/eventlog-0.2.12/missing --run makeinfo'
MKDIR_P='/bin/mkdir -p'
NM='/usr/bin/nm -B'
NMEDIT=''
OBJDUMP='objdump'
OBJEXT='o'
OTOOL64=''
OTOOL=''
PACKAGE='eventlog'
PACKAGE_BUGREPORT=''
PACKAGE_NAME=''
PACKAGE_STRING=''
PACKAGE_TARNAME=''
PACKAGE_URL=''
PACKAGE_VERSION=''
PATH_SEPARATOR=':'
RANLIB='ranlib'
RELEASE_TAG=''
SED='/bin/sed'
SET_MAKE=''
SHELL='/bin/bash'
SNAPSHOT_VERSION=''
SOURCE_REVISION=''
STRIP='strip'
VERSION='0.2.12'
ac_ct_CC='gcc'
ac_ct_DUMPBIN=''
am__EXEEXT_FALSE=''
am__EXEEXT_TRUE='#'
am__fastdepCC_FALSE='#'
am__fastdepCC_TRUE=''
am__include='include'
am__isrc=''
am__leading_dot='.'
am__quote=''
am__tar='${AMTAR} chf - "$$tardir"'
am__untar='${AMTAR} xf -'
bindir='${exec_prefix}/bin'
build='i686-pc-linux-gnu'
build_alias=''
build_cpu='i686'
build_os='linux-gnu'
build_vendor='pc'
datadir='${datarootdir}'
datarootdir='${prefix}/share'
docdir='${datarootdir}/doc/${PACKAGE}'
dvidir='${docdir}'
exec_prefix='${prefix}'
host='i686-pc-linux-gnu'
host_alias=''
host_cpu='i686'
host_os='linux-gnu'
host_vendor='pc'
htmldir='${docdir}'
includedir='${prefix}/include'
infodir='${datarootdir}/info'
install_sh='${SHELL} /root/monitor/syslog-ng-3.4.1/eventlog-0.2.12/install-sh'
libdir='${exec_prefix}/lib'
libexecdir='${exec_prefix}/libexec'
localedir='${datarootdir}/locale'
localstatedir='${prefix}/var'
lt_ECHO='echo'
mandir='${datarootdir}/man'
mkdir_p='/bin/mkdir -p'
oldincludedir='/usr/include'
pdfdir='${docdir}'
prefix='/usr/local'
program_transform_name='s,x,x,'
psdir='${docdir}'
sbindir='${exec_prefix}/sbin'
sharedstatedir='${prefix}/com'
sysconfdir='${prefix}/etc'
target_alias=''

## ----------- ##
## confdefs.h. ##
## ----------- ##

/* confdefs.h */
#define PACKAGE_NAME ""
#define PACKAGE_TARNAME ""
#define PACKAGE_VERSION ""
#define PACKAGE_STRING ""
#define PACKAGE_BUGREPORT ""
#define PACKAGE_URL ""
#define STDC_HEADERS 1
#define HAVE_SYS_TYPES_H 1
#define HAVE_SYS_STAT_H 1
#define HAVE_STDLIB_H 1
#define HAVE_STRING_H 1
#define HAVE_MEMORY_H 1
#define HAVE_STRINGS_H 1
#define HAVE_INTTYPES_H 1
#define HAVE_STDINT_H 1
#define HAVE_UNISTD_H 1
#define HAVE_DLFCN_H 1
#define LT_OBJDIR ".libs/"
#define HAVE_STRDUP 1
#define HAVE_STRERROR 1

configure: exit 0
