This file contains any messages produced by compilers while
running configure, to aid debugging if configure makes a mistake.

It was created by ivykis configure 0.36.1, which was
generated by GNU Autoconf 2.69.  Invocation command line was

  $ ./configure --disable-option-checking --prefix=/usr/local PKG_CONFIG_PATH=/usr/local/src/eventlog-0.2.12:/usr/local/:/usr/local/include/:/usr/local/lib:/usr/local/lib64 EVTLOG_CFLAGS=/usr/local/lib EVTLOG_LIBS=/usr/local/lib --cache-file=/dev/null --srcdir=. --disable-shared --enable-static --with-pic

## --------- ##
## Platform. ##
## --------- ##

hostname = cloud-4
uname -m = i686
uname -r = 3.2.0-35-generic-pae
uname -s = Linux
uname -v = #55-Ubuntu SMP Wed Dec 5 18:04:39 UTC 2012

/usr/bin/uname -p = unknown
/bin/uname -X     = unknown

/bin/arch              = unknown
/usr/bin/arch -k       = unknown
/usr/convex/getsysinfo = unknown
/usr/bin/hostinfo      = unknown
/bin/machine           = unknown
/usr/bin/oslevel       = unknown
/bin/universe          = unknown

PATH: /usr/local/sbin
PATH: /usr/local/bin
PATH: /usr/sbin
PATH: /usr/bin
PATH: /sbin
PATH: /bin
PATH: /usr/games


## ----------- ##
## Core tests. ##
## ----------- ##

configure:2323: checking for a BSD-compatible install
configure:2391: result: /usr/bin/install -c
configure:2402: checking whether build environment is sane
configure:2452: result: yes
configure:2593: checking for a thread-safe mkdir -p
configure:2632: result: /bin/mkdir -p
configure:2645: checking for gawk
configure:2661: found /usr/bin/gawk
configure:2672: result: gawk
configure:2683: checking whether make sets $(MAKE)
configure:2705: result: yes
configure:2796: checking build system type
configure:2810: result: i686-pc-linux-gnu
configure:2830: checking host system type
configure:2843: result: i686-pc-linux-gnu
configure:2918: checking how to print strings
configure:2945: result: printf
configure:2978: checking for style of include used by make
configure:3006: result: GNU
configure:3077: checking for gcc
configure:3093: found /usr/bin/gcc
configure:3104: result: gcc
configure:3333: checking for C compiler version
configure:3342: gcc --version >&5
gcc (Ubuntu/Linaro 4.6.3-1ubuntu5) 4.6.3
Copyright (C) 2011 Free Software Foundation, Inc.
This is free software; see the source for copying conditions.  There is NO
warranty; not even for MERCHANTABILITY or FITNESS FOR A PARTICULAR PURPOSE.

configure:3353: $? = 0
configure:3342: gcc -v >&5
Using built-in specs.
COLLECT_GCC=gcc
COLLECT_LTO_WRAPPER=/usr/lib/gcc/i686-linux-gnu/4.6/lto-wrapper
Target: i686-linux-gnu
Configured with: ../src/configure -v --with-pkgversion='Ubuntu/Linaro 4.6.3-1ubuntu5' --with-bugurl=file:///usr/share/doc/gcc-4.6/README.Bugs --enable-languages=c,c++,fortran,objc,obj-c++ --prefix=/usr --program-suffix=-4.6 --enable-shared --enable-linker-build-id --with-system-zlib --libexecdir=/usr/lib --without-included-gettext --enable-threads=posix --with-gxx-include-dir=/usr/include/c++/4.6 --libdir=/usr/lib --enable-nls --with-sysroot=/ --enable-clocale=gnu --enable-libstdcxx-debug --enable-libstdcxx-time=yes --enable-gnu-unique-object --enable-plugin --enable-objc-gc --enable-targets=all --disable-werror --with-arch-32=i686 --with-tune=generic --enable-checking=release --build=i686-linux-gnu --host=i686-linux-gnu --target=i686-linux-gnu
Thread model: posix
gcc version 4.6.3 (Ubuntu/Linaro 4.6.3-1ubuntu5) 
configure:3353: $? = 0
configure:3342: gcc -V >&5
gcc: error: unrecognized option '-V'
gcc: fatal error: no input files
compilation terminated.
configure:3353: $? = 4
configure:3342: gcc -qversion >&5
gcc: error: unrecognized option '-qversion'
gcc: fatal error: no input files
compilation terminated.
configure:3353: $? = 4
configure:3373: checking whether the C compiler works
configure:3395: gcc    conftest.c  >&5
configure:3399: $? = 0
configure:3447: result: yes
configure:3450: checking for C compiler default output file name
configure:3452: result: a.out
configure:3458: checking for suffix of executables
configure:3465: gcc -o conftest    conftest.c  >&5
configure:3469: $? = 0
configure:3491: result: 
configure:3513: checking whether we are cross compiling
configure:3521: gcc -o conftest    conftest.c  >&5
configure:3525: $? = 0
configure:3532: ./conftest
configure:3536: $? = 0
configure:3551: result: no
configure:3556: checking for suffix of object files
configure:3578: gcc -c   conftest.c >&5
configure:3582: $? = 0
configure:3603: result: o
configure:3607: checking whether we are using the GNU C compiler
configure:3626: gcc -c   conftest.c >&5
configure:3626: $? = 0
configure:3635: result: yes
configure:3644: checking whether gcc accepts -g
configure:3664: gcc -c -g  conftest.c >&5
configure:3664: $? = 0
configure:3705: result: yes
configure:3722: checking for gcc option to accept ISO C89
configure:3785: gcc  -c -g -O2  conftest.c >&5
configure:3785: $? = 0
configure:3798: result: none needed
configure:3820: checking dependency style of gcc
configure:3931: result: gcc3
configure:3946: checking for a sed that does not truncate output
configure:4010: result: /bin/sed
configure:4028: checking for grep that handles long lines and -e
configure:4086: result: /bin/grep
configure:4091: checking for egrep
configure:4153: result: /bin/grep -E
configure:4158: checking for fgrep
configure:4220: result: /bin/grep -F
configure:4255: checking for ld used by gcc
configure:4322: result: /usr/bin/ld
configure:4329: checking if the linker (/usr/bin/ld) is GNU ld
configure:4344: result: yes
configure:4356: checking for BSD- or MS-compatible name lister (nm)
configure:4405: result: /usr/bin/nm -B
configure:4535: checking the name lister (/usr/bin/nm -B) interface
configure:4542: gcc -c -g -O2  conftest.c >&5
configure:4545: /usr/bin/nm -B "conftest.o"
configure:4548: output
00000000 B some_variable
configure:4555: result: BSD nm
configure:4558: checking whether ln -s works
configure:4562: result: yes
configure:4570: checking the maximum length of command line arguments
configure:4700: result: 1572864
configure:4717: checking whether the shell understands some XSI constructs
configure:4727: result: yes
configure:4731: checking whether the shell understands "+="
configure:4737: result: yes
configure:4772: checking how to convert i686-pc-linux-gnu file names to i686-pc-linux-gnu format
configure:4812: result: func_convert_file_noop
configure:4819: checking how to convert i686-pc-linux-gnu file names to toolchain format
configure:4839: result: func_convert_file_noop
configure:4846: checking for /usr/bin/ld option to reload object files
configure:4853: result: -r
configure:4927: checking for objdump
configure:4943: found /usr/bin/objdump
configure:4954: result: objdump
configure:4986: checking how to recognize dependent libraries
configure:5184: result: pass_all
configure:5269: checking for dlltool
configure:5299: result: no
configure:5329: checking how to associate runtime and link libraries
configure:5356: result: printf %s\n
configure:5417: checking for ar
configure:5433: found /usr/bin/ar
configure:5444: result: ar
configure:5481: checking for archiver @FILE support
configure:5498: gcc -c -g -O2  conftest.c >&5
configure:5498: $? = 0
configure:5501: ar cru libconftest.a @conftest.lst >&5
configure:5504: $? = 0
configure:5509: ar cru libconftest.a @conftest.lst >&5
ar: conftest.o: No such file or directory
configure:5512: $? = 1
configure:5524: result: @
configure:5582: checking for strip
configure:5598: found /usr/bin/strip
configure:5609: result: strip
configure:5681: checking for ranlib
configure:5697: found /usr/bin/ranlib
configure:5708: result: ranlib
configure:5810: checking command to parse /usr/bin/nm -B output from gcc object
configure:5930: gcc -c -g -O2  conftest.c >&5
configure:5933: $? = 0
configure:5937: /usr/bin/nm -B conftest.o \| sed -n -e 's/^.*[ ]\([ABCDGIRSTW][ABCDGIRSTW]*\)[ ][ ]*\([_A-Za-z][_A-Za-z0-9]*\)$/\1 \2 \2/p' | sed '/ __gnu_lto/d' \> conftest.nm
configure:5940: $? = 0
configure:6006: gcc -o conftest -g -O2   conftest.c conftstm.o >&5
configure:6009: $? = 0
configure:6047: result: ok
configure:6084: checking for sysroot
configure:6114: result: no
configure:6370: checking for mt
configure:6386: found /bin/mt
configure:6397: result: mt
configure:6420: checking if mt is a manifest tool
configure:6426: mt '-?'
configure:6434: result: no
configure:7076: checking how to run the C preprocessor
configure:7107: gcc -E  conftest.c
configure:7107: $? = 0
configure:7121: gcc -E  conftest.c
conftest.c:11:28: fatal error: ac_nonexistent.h: No such file or directory
compilation terminated.
configure:7121: $? = 1
configure: failed program was:
| /* confdefs.h */
| #define PACKAGE_NAME "ivykis"
| #define PACKAGE_TARNAME "ivykis"
| #define PACKAGE_VERSION "0.36.1"
| #define PACKAGE_STRING "ivykis 0.36.1"
| #define PACKAGE_BUGREPORT "libivykis-discuss@lists.sourceforge.net"
| #define PACKAGE_URL ""
| #define PACKAGE "ivykis"
| #define VERSION "0.36.1"
| /* end confdefs.h.  */
| #include <ac_nonexistent.h>
configure:7146: result: gcc -E
configure:7166: gcc -E  conftest.c
configure:7166: $? = 0
configure:7180: gcc -E  conftest.c
conftest.c:11:28: fatal error: ac_nonexistent.h: No such file or directory
compilation terminated.
configure:7180: $? = 1
configure: failed program was:
| /* confdefs.h */
| #define PACKAGE_NAME "ivykis"
| #define PACKAGE_TARNAME "ivykis"
| #define PACKAGE_VERSION "0.36.1"
| #define PACKAGE_STRING "ivykis 0.36.1"
| #define PACKAGE_BUGREPORT "libivykis-discuss@lists.sourceforge.net"
| #define PACKAGE_URL ""
| #define PACKAGE "ivykis"
| #define VERSION "0.36.1"
| /* end confdefs.h.  */
| #include <ac_nonexistent.h>
configure:7209: checking for ANSI C header files
configure:7229: gcc -c -g -O2  conftest.c >&5
configure:7229: $? = 0
configure:7302: gcc -o conftest -g -O2   conftest.c  >&5
configure:7302: $? = 0
configure:7302: ./conftest
configure:7302: $? = 0
configure:7313: result: yes
configure:7326: checking for sys/types.h
configure:7326: gcc -c -g -O2  conftest.c >&5
configure:7326: $? = 0
configure:7326: result: yes
configure:7326: checking for sys/stat.h
configure:7326: gcc -c -g -O2  conftest.c >&5
configure:7326: $? = 0
configure:7326: result: yes
configure:7326: checking for stdlib.h
configure:7326: gcc -c -g -O2  conftest.c >&5
configure:7326: $? = 0
configure:7326: result: yes
configure:7326: checking for string.h
configure:7326: gcc -c -g -O2  conftest.c >&5
configure:7326: $? = 0
configure:7326: result: yes
configure:7326: checking for memory.h
configure:7326: gcc -c -g -O2  conftest.c >&5
configure:7326: $? = 0
configure:7326: result: yes
configure:7326: checking for strings.h
configure:7326: gcc -c -g -O2  conftest.c >&5
configure:7326: $? = 0
configure:7326: result: yes
configure:7326: checking for inttypes.h
configure:7326: gcc -c -g -O2  conftest.c >&5
configure:7326: $? = 0
configure:7326: result: yes
configure:7326: checking for stdint.h
configure:7326: gcc -c -g -O2  conftest.c >&5
configure:7326: $? = 0
configure:7326: result: yes
configure:7326: checking for unistd.h
configure:7326: gcc -c -g -O2  conftest.c >&5
configure:7326: $? = 0
configure:7326: result: yes
configure:7340: checking for dlfcn.h
configure:7340: gcc -c -g -O2  conftest.c >&5
configure:7340: $? = 0
configure:7340: result: yes
configure:7546: checking for objdir
configure:7561: result: .libs
configure:7828: checking if gcc supports -fno-rtti -fno-exceptions
configure:7846: gcc -c -g -O2  -fno-rtti -fno-exceptions conftest.c >&5
cc1: warning: command line option '-fno-rtti' is valid for C++/ObjC++ but not for C [enabled by default]
configure:7850: $? = 0
configure:7863: result: no
configure:8190: checking for gcc option to produce PIC
configure:8197: result: -fPIC -DPIC
configure:8205: checking if gcc PIC flag -fPIC -DPIC works
configure:8223: gcc -c -g -O2  -fPIC -DPIC -DPIC conftest.c >&5
configure:8227: $? = 0
configure:8240: result: yes
configure:8269: checking if gcc static flag -static works
configure:8297: result: yes
configure:8312: checking if gcc supports -c -o file.o
configure:8333: gcc -c -g -O2  -o out/conftest2.o conftest.c >&5
configure:8337: $? = 0
configure:8359: result: yes
configure:8367: checking if gcc supports -c -o file.o
configure:8414: result: yes
configure:8447: checking whether the gcc linker (/usr/bin/ld) supports shared libraries
configure:9604: result: yes
configure:9844: checking dynamic linker characteristics
configure:10344: gcc -o conftest -g -O2   -Wl,-rpath -Wl,/foo conftest.c  >&5
configure:10344: $? = 0
configure:10578: result: GNU/Linux ld.so
configure:10685: checking how to hardcode library paths into programs
configure:10710: result: immediate
configure:11250: checking whether stripping libraries is possible
configure:11255: result: yes
configure:11290: checking if libtool supports shared libraries
configure:11292: result: yes
configure:11295: checking whether to build shared libraries
configure:11316: result: no
configure:11319: checking whether to build static libraries
configure:11323: result: yes
configure:11408: checking for gcc
configure:11435: result: gcc
configure:11664: checking for C compiler version
configure:11673: gcc --version >&5
gcc (Ubuntu/Linaro 4.6.3-1ubuntu5) 4.6.3
Copyright (C) 2011 Free Software Foundation, Inc.
This is free software; see the source for copying conditions.  There is NO
warranty; not even for MERCHANTABILITY or FITNESS FOR A PARTICULAR PURPOSE.

configure:11684: $? = 0
configure:11673: gcc -v >&5
Using built-in specs.
COLLECT_GCC=gcc
COLLECT_LTO_WRAPPER=/usr/lib/gcc/i686-linux-gnu/4.6/lto-wrapper
Target: i686-linux-gnu
Configured with: ../src/configure -v --with-pkgversion='Ubuntu/Linaro 4.6.3-1ubuntu5' --with-bugurl=file:///usr/share/doc/gcc-4.6/README.Bugs --enable-languages=c,c++,fortran,objc,obj-c++ --prefix=/usr --program-suffix=-4.6 --enable-shared --enable-linker-build-id --with-system-zlib --libexecdir=/usr/lib --without-included-gettext --enable-threads=posix --with-gxx-include-dir=/usr/include/c++/4.6 --libdir=/usr/lib --enable-nls --with-sysroot=/ --enable-clocale=gnu --enable-libstdcxx-debug --enable-libstdcxx-time=yes --enable-gnu-unique-object --enable-plugin --enable-objc-gc --enable-targets=all --disable-werror --with-arch-32=i686 --with-tune=generic --enable-checking=release --build=i686-linux-gnu --host=i686-linux-gnu --target=i686-linux-gnu
Thread model: posix
gcc version 4.6.3 (Ubuntu/Linaro 4.6.3-1ubuntu5) 
configure:11684: $? = 0
configure:11673: gcc -V >&5
gcc: error: unrecognized option '-V'
gcc: fatal error: no input files
compilation terminated.
configure:11684: $? = 4
configure:11673: gcc -qversion >&5
gcc: error: unrecognized option '-qversion'
gcc: fatal error: no input files
compilation terminated.
configure:11684: $? = 4
configure:11688: checking whether we are using the GNU C compiler
configure:11716: result: yes
configure:11725: checking whether gcc accepts -g
configure:11786: result: yes
configure:11803: checking for gcc option to accept ISO C89
configure:11879: result: none needed
configure:11901: checking dependency style of gcc
configure:12012: result: gcc3
configure:12033: checking host operating system type
configure:12043: gcc -c -g -O2 -Wall  conftest.c >&5
configure:12043: $? = 0
configure:12045: result: posix
configure:12072: checking for working __thread
configure:12106: gcc -c -g -O2 -Wall  conftest.c >&5
conftest.c:23:21: warning: 'p' defined but not used [-Wunused-variable]
configure:12106: $? = 0
configure:12110: result: yes
configure:12151: checking whether gcc accepts -pthread
configure:12169: gcc -c -pthread  conftest.c >&5
configure:12169: $? = 0
configure:12175: result: yes
configure:12192: checking whether gcc accepts -pthreads
configure:12210: gcc -c -pthreads  conftest.c >&5
gcc: error: unrecognized option '-pthreads'
configure:12210: $? = 1
configure: failed program was:
| /* confdefs.h */
| #define PACKAGE_NAME "ivykis"
| #define PACKAGE_TARNAME "ivykis"
| #define PACKAGE_VERSION "0.36.1"
| #define PACKAGE_STRING "ivykis 0.36.1"
| #define PACKAGE_BUGREPORT "libivykis-discuss@lists.sourceforge.net"
| #define PACKAGE_URL ""
| #define PACKAGE "ivykis"
| #define VERSION "0.36.1"
| #define STDC_HEADERS 1
| #define HAVE_SYS_TYPES_H 1
| #define HAVE_SYS_STAT_H 1
| #define HAVE_STDLIB_H 1
| #define HAVE_STRING_H 1
| #define HAVE_MEMORY_H 1
| #define HAVE_STRINGS_H 1
| #define HAVE_INTTYPES_H 1
| #define HAVE_STDINT_H 1
| #define HAVE_UNISTD_H 1
| #define HAVE_DLFCN_H 1
| #define LT_OBJDIR ".libs/"
| #define HAVE_THREAD 1
| /* end confdefs.h.  */
| 
| int
| main ()
| {
| 
|   ;
|   return 0;
| }
configure:12216: result: no
configure:12262: checking for library containing pthread_atfork
configure:12293: gcc -o conftest -g -O2 -Wall -pthread   conftest.c  >&5
configure:12293: $? = 0
configure:12310: result: none required
configure:12320: checking for library containing pthread_create
configure:12351: gcc -o conftest -g -O2 -Wall -pthread   conftest.c  >&5
configure:12351: $? = 0
configure:12368: result: none required
configure:12499: checking for __sync_lock_test_and_set()
configure:12516: gcc -o conftest -g -O2 -Wall -pthread   conftest.c  >&5
configure:12516: $? = 0
configure:12523: result: yes
configure:12535: checking process.h usability
configure:12535: gcc -c -g -O2 -Wall -pthread  conftest.c >&5
conftest.c:58:21: fatal error: process.h: No such file or directory
compilation terminated.
configure:12535: $? = 1
configure: failed program was:
| /* confdefs.h */
| #define PACKAGE_NAME "ivykis"
| #define PACKAGE_TARNAME "ivykis"
| #define PACKAGE_VERSION "0.36.1"
| #define PACKAGE_STRING "ivykis 0.36.1"
| #define PACKAGE_BUGREPORT "libivykis-discuss@lists.sourceforge.net"
| #define PACKAGE_URL ""
| #define PACKAGE "ivykis"
| #define VERSION "0.36.1"
| #define STDC_HEADERS 1
| #define HAVE_SYS_TYPES_H 1
| #define HAVE_SYS_STAT_H 1
| #define HAVE_STDLIB_H 1
| #define HAVE_STRING_H 1
| #define HAVE_MEMORY_H 1
| #define HAVE_STRINGS_H 1
| #define HAVE_INTTYPES_H 1
| #define HAVE_STDINT_H 1
| #define HAVE_UNISTD_H 1
| #define HAVE_DLFCN_H 1
| #define LT_OBJDIR ".libs/"
| #define HAVE_THREAD 1
| #define HAVE_SYNC_LOCK_TEST_AND_SET 1
| /* end confdefs.h.  */
| #include <stdio.h>
| #ifdef HAVE_SYS_TYPES_H
| # include <sys/types.h>
| #endif
| #ifdef HAVE_SYS_STAT_H
| # include <sys/stat.h>
| #endif
| #ifdef STDC_HEADERS
| # include <stdlib.h>
| # include <stddef.h>
| #else
| # ifdef HAVE_STDLIB_H
| #  include <stdlib.h>
| # endif
| #endif
| #ifdef HAVE_STRING_H
| # if !defined STDC_HEADERS && defined HAVE_MEMORY_H
| #  include <memory.h>
| # endif
| # include <string.h>
| #endif
| #ifdef HAVE_STRINGS_H
| # include <strings.h>
| #endif
| #ifdef HAVE_INTTYPES_H
| # include <inttypes.h>
| #endif
| #ifdef HAVE_STDINT_H
| # include <stdint.h>
| #endif
| #ifdef HAVE_UNISTD_H
| # include <unistd.h>
| #endif
| #include <process.h>
configure:12535: result: no
configure:12535: checking process.h presence
configure:12535: gcc -E  conftest.c
conftest.c:25:21: fatal error: process.h: No such file or directory
compilation terminated.
configure:12535: $? = 1
configure: failed program was:
| /* confdefs.h */
| #define PACKAGE_NAME "ivykis"
| #define PACKAGE_TARNAME "ivykis"
| #define PACKAGE_VERSION "0.36.1"
| #define PACKAGE_STRING "ivykis 0.36.1"
| #define PACKAGE_BUGREPORT "libivykis-discuss@lists.sourceforge.net"
| #define PACKAGE_URL ""
| #define PACKAGE "ivykis"
| #define VERSION "0.36.1"
| #define STDC_HEADERS 1
| #define HAVE_SYS_TYPES_H 1
| #define HAVE_SYS_STAT_H 1
| #define HAVE_STDLIB_H 1
| #define HAVE_STRING_H 1
| #define HAVE_MEMORY_H 1
| #define HAVE_STRINGS_H 1
| #define HAVE_INTTYPES_H 1
| #define HAVE_STDINT_H 1
| #define HAVE_UNISTD_H 1
| #define HAVE_DLFCN_H 1
| #define LT_OBJDIR ".libs/"
| #define HAVE_THREAD 1
| #define HAVE_SYNC_LOCK_TEST_AND_SET 1
| /* end confdefs.h.  */
| #include <process.h>
configure:12535: result: no
configure:12535: checking for process.h
configure:12535: result: no
configure:12547: checking sys/devpoll.h usability
configure:12547: gcc -c -g -O2 -Wall -pthread  conftest.c >&5
conftest.c:58:25: fatal error: sys/devpoll.h: No such file or directory
compilation terminated.
configure:12547: $? = 1
configure: failed program was:
| /* confdefs.h */
| #define PACKAGE_NAME "ivykis"
| #define PACKAGE_TARNAME "ivykis"
| #define PACKAGE_VERSION "0.36.1"
| #define PACKAGE_STRING "ivykis 0.36.1"
| #define PACKAGE_BUGREPORT "libivykis-discuss@lists.sourceforge.net"
| #define PACKAGE_URL ""
| #define PACKAGE "ivykis"
| #define VERSION "0.36.1"
| #define STDC_HEADERS 1
| #define HAVE_SYS_TYPES_H 1
| #define HAVE_SYS_STAT_H 1
| #define HAVE_STDLIB_H 1
| #define HAVE_STRING_H 1
| #define HAVE_MEMORY_H 1
| #define HAVE_STRINGS_H 1
| #define HAVE_INTTYPES_H 1
| #define HAVE_STDINT_H 1
| #define HAVE_UNISTD_H 1
| #define HAVE_DLFCN_H 1
| #define LT_OBJDIR ".libs/"
| #define HAVE_THREAD 1
| #define HAVE_SYNC_LOCK_TEST_AND_SET 1
| /* end confdefs.h.  */
| #include <stdio.h>
| #ifdef HAVE_SYS_TYPES_H
| # include <sys/types.h>
| #endif
| #ifdef HAVE_SYS_STAT_H
| # include <sys/stat.h>
| #endif
| #ifdef STDC_HEADERS
| # include <stdlib.h>
| # include <stddef.h>
| #else
| # ifdef HAVE_STDLIB_H
| #  include <stdlib.h>
| # endif
| #endif
| #ifdef HAVE_STRING_H
| # if !defined STDC_HEADERS && defined HAVE_MEMORY_H
| #  include <memory.h>
| # endif
| # include <string.h>
| #endif
| #ifdef HAVE_STRINGS_H
| # include <strings.h>
| #endif
| #ifdef HAVE_INTTYPES_H
| # include <inttypes.h>
| #endif
| #ifdef HAVE_STDINT_H
| # include <stdint.h>
| #endif
| #ifdef HAVE_UNISTD_H
| # include <unistd.h>
| #endif
| #include <sys/devpoll.h>
configure:12547: result: no
configure:12547: checking sys/devpoll.h presence
configure:12547: gcc -E  conftest.c
conftest.c:25:25: fatal error: sys/devpoll.h: No such file or directory
compilation terminated.
configure:12547: $? = 1
configure: failed program was:
| /* confdefs.h */
| #define PACKAGE_NAME "ivykis"
| #define PACKAGE_TARNAME "ivykis"
| #define PACKAGE_VERSION "0.36.1"
| #define PACKAGE_STRING "ivykis 0.36.1"
| #define PACKAGE_BUGREPORT "libivykis-discuss@lists.sourceforge.net"
| #define PACKAGE_URL ""
| #define PACKAGE "ivykis"
| #define VERSION "0.36.1"
| #define STDC_HEADERS 1
| #define HAVE_SYS_TYPES_H 1
| #define HAVE_SYS_STAT_H 1
| #define HAVE_STDLIB_H 1
| #define HAVE_STRING_H 1
| #define HAVE_MEMORY_H 1
| #define HAVE_STRINGS_H 1
| #define HAVE_INTTYPES_H 1
| #define HAVE_STDINT_H 1
| #define HAVE_UNISTD_H 1
| #define HAVE_DLFCN_H 1
| #define LT_OBJDIR ".libs/"
| #define HAVE_THREAD 1
| #define HAVE_SYNC_LOCK_TEST_AND_SET 1
| /* end confdefs.h.  */
| #include <sys/devpoll.h>
configure:12547: result: no
configure:12547: checking for sys/devpoll.h
configure:12547: result: no
configure:12559: checking sys/eventfd.h usability
configure:12559: gcc -c -g -O2 -Wall -pthread  conftest.c >&5
configure:12559: $? = 0
configure:12559: result: yes
configure:12559: checking sys/eventfd.h presence
configure:12559: gcc -E  conftest.c
configure:12559: $? = 0
configure:12559: result: yes
configure:12559: checking for sys/eventfd.h
configure:12559: result: yes
configure:12571: checking sys/syscall.h usability
configure:12571: gcc -c -g -O2 -Wall -pthread  conftest.c >&5
configure:12571: $? = 0
configure:12571: result: yes
configure:12571: checking sys/syscall.h presence
configure:12571: gcc -E  conftest.c
configure:12571: $? = 0
configure:12571: result: yes
configure:12571: checking for sys/syscall.h
configure:12571: result: yes
configure:12584: checking for sys/thr.h
configure:12584: gcc -c -g -O2 -Wall -pthread  conftest.c >&5
conftest.c:29:21: fatal error: sys/thr.h: No such file or directory
compilation terminated.
configure:12584: $? = 1
configure: failed program was:
| /* confdefs.h */
| #define PACKAGE_NAME "ivykis"
| #define PACKAGE_TARNAME "ivykis"
| #define PACKAGE_VERSION "0.36.1"
| #define PACKAGE_STRING "ivykis 0.36.1"
| #define PACKAGE_BUGREPORT "libivykis-discuss@lists.sourceforge.net"
| #define PACKAGE_URL ""
| #define PACKAGE "ivykis"
| #define VERSION "0.36.1"
| #define STDC_HEADERS 1
| #define HAVE_SYS_TYPES_H 1
| #define HAVE_SYS_STAT_H 1
| #define HAVE_STDLIB_H 1
| #define HAVE_STRING_H 1
| #define HAVE_MEMORY_H 1
| #define HAVE_STRINGS_H 1
| #define HAVE_INTTYPES_H 1
| #define HAVE_STDINT_H 1
| #define HAVE_UNISTD_H 1
| #define HAVE_DLFCN_H 1
| #define LT_OBJDIR ".libs/"
| #define HAVE_THREAD 1
| #define HAVE_SYNC_LOCK_TEST_AND_SET 1
| #define HAVE_SYS_EVENTFD_H 1
| #define HAVE_SYS_SYSCALL_H 1
| /* end confdefs.h.  */
| #include <sys/ucontext.h>
| 
| #include <sys/thr.h>
configure:12584: result: no
configure:12597: checking thread.h usability
configure:12597: gcc -c -g -O2 -Wall -pthread  conftest.c >&5
conftest.c:60:20: fatal error: thread.h: No such file or directory
compilation terminated.
configure:12597: $? = 1
configure: failed program was:
| /* confdefs.h */
| #define PACKAGE_NAME "ivykis"
| #define PACKAGE_TARNAME "ivykis"
| #define PACKAGE_VERSION "0.36.1"
| #define PACKAGE_STRING "ivykis 0.36.1"
| #define PACKAGE_BUGREPORT "libivykis-discuss@lists.sourceforge.net"
| #define PACKAGE_URL ""
| #define PACKAGE "ivykis"
| #define VERSION "0.36.1"
| #define STDC_HEADERS 1
| #define HAVE_SYS_TYPES_H 1
| #define HAVE_SYS_STAT_H 1
| #define HAVE_STDLIB_H 1
| #define HAVE_STRING_H 1
| #define HAVE_MEMORY_H 1
| #define HAVE_STRINGS_H 1
| #define HAVE_INTTYPES_H 1
| #define HAVE_STDINT_H 1
| #define HAVE_UNISTD_H 1
| #define HAVE_DLFCN_H 1
| #define LT_OBJDIR ".libs/"
| #define HAVE_THREAD 1
| #define HAVE_SYNC_LOCK_TEST_AND_SET 1
| #define HAVE_SYS_EVENTFD_H 1
| #define HAVE_SYS_SYSCALL_H 1
| /* end confdefs.h.  */
| #include <stdio.h>
| #ifdef HAVE_SYS_TYPES_H
| # include <sys/types.h>
| #endif
| #ifdef HAVE_SYS_STAT_H
| # include <sys/stat.h>
| #endif
| #ifdef STDC_HEADERS
| # include <stdlib.h>
| # include <stddef.h>
| #else
| # ifdef HAVE_STDLIB_H
| #  include <stdlib.h>
| # endif
| #endif
| #ifdef HAVE_STRING_H
| # if !defined STDC_HEADERS && defined HAVE_MEMORY_H
| #  include <memory.h>
| # endif
| # include <string.h>
| #endif
| #ifdef HAVE_STRINGS_H
| # include <strings.h>
| #endif
| #ifdef HAVE_INTTYPES_H
| # include <inttypes.h>
| #endif
| #ifdef HAVE_STDINT_H
| # include <stdint.h>
| #endif
| #ifdef HAVE_UNISTD_H
| # include <unistd.h>
| #endif
| #include <thread.h>
configure:12597: result: no
configure:12597: checking thread.h presence
configure:12597: gcc -E  conftest.c
conftest.c:27:20: fatal error: thread.h: No such file or directory
compilation terminated.
configure:12597: $? = 1
configure: failed program was:
| /* confdefs.h */
| #define PACKAGE_NAME "ivykis"
| #define PACKAGE_TARNAME "ivykis"
| #define PACKAGE_VERSION "0.36.1"
| #define PACKAGE_STRING "ivykis 0.36.1"
| #define PACKAGE_BUGREPORT "libivykis-discuss@lists.sourceforge.net"
| #define PACKAGE_URL ""
| #define PACKAGE "ivykis"
| #define VERSION "0.36.1"
| #define STDC_HEADERS 1
| #define HAVE_SYS_TYPES_H 1
| #define HAVE_SYS_STAT_H 1
| #define HAVE_STDLIB_H 1
| #define HAVE_STRING_H 1
| #define HAVE_MEMORY_H 1
| #define HAVE_STRINGS_H 1
| #define HAVE_INTTYPES_H 1
| #define HAVE_STDINT_H 1
| #define HAVE_UNISTD_H 1
| #define HAVE_DLFCN_H 1
| #define LT_OBJDIR ".libs/"
| #define HAVE_THREAD 1
| #define HAVE_SYNC_LOCK_TEST_AND_SET 1
| #define HAVE_SYS_EVENTFD_H 1
| #define HAVE_SYS_SYSCALL_H 1
| /* end confdefs.h.  */
| #include <thread.h>
configure:12597: result: no
configure:12597: checking for thread.h
configure:12597: result: no
configure:12609: checking for linux/netfilter_ipv4.h
configure:12621: gcc -c -g -O2 -Wall -pthread  conftest.c >&5
configure:12621: $? = 0
configure:12627: result: yes
configure:12633: checking for struct timespec.tv_sec
configure:12633: gcc -c -g -O2 -Wall -pthread  conftest.c >&5
configure:12633: $? = 0
configure:12633: result: yes
configure:12653: checking for library containing clock_gettime
configure:12684: gcc -o conftest -g -O2 -Wall -pthread   conftest.c  >&5
/tmp/ccz8rhSi.o: In function `main':
/root/monitor/syslog-ng-3.4.1/lib/ivykis/conftest.c:38: undefined reference to `clock_gettime'
collect2: ld returned 1 exit status
configure:12684: $? = 1
configure: failed program was:
| /* confdefs.h */
| #define PACKAGE_NAME "ivykis"
| #define PACKAGE_TARNAME "ivykis"
| #define PACKAGE_VERSION "0.36.1"
| #define PACKAGE_STRING "ivykis 0.36.1"
| #define PACKAGE_BUGREPORT "libivykis-discuss@lists.sourceforge.net"
| #define PACKAGE_URL ""
| #define PACKAGE "ivykis"
| #define VERSION "0.36.1"
| #define STDC_HEADERS 1
| #define HAVE_SYS_TYPES_H 1
| #define HAVE_SYS_STAT_H 1
| #define HAVE_STDLIB_H 1
| #define HAVE_STRING_H 1
| #define HAVE_MEMORY_H 1
| #define HAVE_STRINGS_H 1
| #define HAVE_INTTYPES_H 1
| #define HAVE_STDINT_H 1
| #define HAVE_UNISTD_H 1
| #define HAVE_DLFCN_H 1
| #define LT_OBJDIR ".libs/"
| #define HAVE_THREAD 1
| #define HAVE_SYNC_LOCK_TEST_AND_SET 1
| #define HAVE_SYS_EVENTFD_H 1
| #define HAVE_SYS_SYSCALL_H 1
| /* end confdefs.h.  */
| 
| /* Override any GCC internal prototype to avoid an error.
|    Use char because int might match the return type of a GCC
|    builtin and then its argument prototype would still apply.  */
| #ifdef __cplusplus
| extern "C"
| #endif
| char clock_gettime ();
| int
| main ()
| {
| return clock_gettime ();
|   ;
|   return 0;
| }
configure:12684: gcc -o conftest -g -O2 -Wall -pthread   conftest.c -lrt   >&5
configure:12684: $? = 0
configure:12701: result: -lrt
configure:12711: checking for clock_gettime
configure:12711: gcc -o conftest -g -O2 -Wall -pthread   conftest.c -lrt  >&5
configure:12711: $? = 0
configure:12711: result: yes
configure:12722: checking for CLOCK_MONOTONIC
configure:12735: gcc -c -g -O2 -Wall -pthread  conftest.c >&5
configure:12735: $? = 0
configure:12741: result: yes
configure:12751: checking for CLOCK_REALTIME
configure:12764: gcc -c -g -O2 -Wall -pthread  conftest.c >&5
configure:12764: $? = 0
configure:12770: result: yes
configure:12782: checking for library containing inet_ntop
configure:12813: gcc -o conftest -g -O2 -Wall -pthread   conftest.c -lrt  >&5
configure:12813: $? = 0
configure:12830: result: none required
configure:12838: checking for library containing socket
configure:12869: gcc -o conftest -g -O2 -Wall -pthread   conftest.c -lrt  >&5
configure:12869: $? = 0
configure:12886: result: none required
configure:12894: checking for library containing thr_self
configure:12925: gcc -o conftest -g -O2 -Wall -pthread   conftest.c -lrt  >&5
/tmp/cc1XbthC.o: In function `main':
/root/monitor/syslog-ng-3.4.1/lib/ivykis/conftest.c:41: undefined reference to `thr_self'
collect2: ld returned 1 exit status
configure:12925: $? = 1
configure: failed program was:
| /* confdefs.h */
| #define PACKAGE_NAME "ivykis"
| #define PACKAGE_TARNAME "ivykis"
| #define PACKAGE_VERSION "0.36.1"
| #define PACKAGE_STRING "ivykis 0.36.1"
| #define PACKAGE_BUGREPORT "libivykis-discuss@lists.sourceforge.net"
| #define PACKAGE_URL ""
| #define PACKAGE "ivykis"
| #define VERSION "0.36.1"
| #define STDC_HEADERS 1
| #define HAVE_SYS_TYPES_H 1
| #define HAVE_SYS_STAT_H 1
| #define HAVE_STDLIB_H 1
| #define HAVE_STRING_H 1
| #define HAVE_MEMORY_H 1
| #define HAVE_STRINGS_H 1
| #define HAVE_INTTYPES_H 1
| #define HAVE_STDINT_H 1
| #define HAVE_UNISTD_H 1
| #define HAVE_DLFCN_H 1
| #define LT_OBJDIR ".libs/"
| #define HAVE_THREAD 1
| #define HAVE_SYNC_LOCK_TEST_AND_SET 1
| #define HAVE_SYS_EVENTFD_H 1
| #define HAVE_SYS_SYSCALL_H 1
| #define HAVE_CLOCK_GETTIME 1
| #define HAVE_CLOCK_MONOTONIC 1
| #define HAVE_CLOCK_REALTIME 1
| /* end confdefs.h.  */
| 
| /* Override any GCC internal prototype to avoid an error.
|    Use char because int might match the return type of a GCC
|    builtin and then its argument prototype would still apply.  */
| #ifdef __cplusplus
| extern "C"
| #endif
| char thr_self ();
| int
| main ()
| {
| return thr_self ();
|   ;
|   return 0;
| }
configure:12925: gcc -o conftest -g -O2 -Wall -pthread   conftest.c -lthread  -lrt  >&5
/usr/bin/ld: cannot find -lthread
collect2: ld returned 1 exit status
configure:12925: $? = 1
configure: failed program was:
| /* confdefs.h */
| #define PACKAGE_NAME "ivykis"
| #define PACKAGE_TARNAME "ivykis"
| #define PACKAGE_VERSION "0.36.1"
| #define PACKAGE_STRING "ivykis 0.36.1"
| #define PACKAGE_BUGREPORT "libivykis-discuss@lists.sourceforge.net"
| #define PACKAGE_URL ""
| #define PACKAGE "ivykis"
| #define VERSION "0.36.1"
| #define STDC_HEADERS 1
| #define HAVE_SYS_TYPES_H 1
| #define HAVE_SYS_STAT_H 1
| #define HAVE_STDLIB_H 1
| #define HAVE_STRING_H 1
| #define HAVE_MEMORY_H 1
| #define HAVE_STRINGS_H 1
| #define HAVE_INTTYPES_H 1
| #define HAVE_STDINT_H 1
| #define HAVE_UNISTD_H 1
| #define HAVE_DLFCN_H 1
| #define LT_OBJDIR ".libs/"
| #define HAVE_THREAD 1
| #define HAVE_SYNC_LOCK_TEST_AND_SET 1
| #define HAVE_SYS_EVENTFD_H 1
| #define HAVE_SYS_SYSCALL_H 1
| #define HAVE_CLOCK_GETTIME 1
| #define HAVE_CLOCK_MONOTONIC 1
| #define HAVE_CLOCK_REALTIME 1
| /* end confdefs.h.  */
| 
| /* Override any GCC internal prototype to avoid an error.
|    Use char because int might match the return type of a GCC
|    builtin and then its argument prototype would still apply.  */
| #ifdef __cplusplus
| extern "C"
| #endif
| char thr_self ();
| int
| main ()
| {
| return thr_self ();
|   ;
|   return 0;
| }
configure:12942: result: no
configure:12954: checking for epoll_create
configure:12954: gcc -o conftest -g -O2 -Wall -pthread   conftest.c -lrt  >&5
configure:12954: $? = 0
configure:12954: result: yes
configure:12965: checking for epoll_create1
configure:12965: gcc -o conftest -g -O2 -Wall -pthread   conftest.c -lrt  >&5
configure:12965: $? = 0
configure:12965: result: yes
configure:12976: checking for eventfd
configure:12976: gcc -o conftest -g -O2 -Wall -pthread   conftest.c -lrt  >&5
configure:12976: $? = 0
configure:12976: result: yes
configure:12987: checking for gettid
configure:12987: gcc -o conftest -g -O2 -Wall -pthread   conftest.c -lrt  >&5
/tmp/cctKfFDS.o: In function `main':
/root/monitor/syslog-ng-3.4.1/lib/ivykis/conftest.c:67: undefined reference to `gettid'
collect2: ld returned 1 exit status
configure:12987: $? = 1
configure: failed program was:
| /* confdefs.h */
| #define PACKAGE_NAME "ivykis"
| #define PACKAGE_TARNAME "ivykis"
| #define PACKAGE_VERSION "0.36.1"
| #define PACKAGE_STRING "ivykis 0.36.1"
| #define PACKAGE_BUGREPORT "libivykis-discuss@lists.sourceforge.net"
| #define PACKAGE_URL ""
| #define PACKAGE "ivykis"
| #define VERSION "0.36.1"
| #define STDC_HEADERS 1
| #define HAVE_SYS_TYPES_H 1
| #define HAVE_SYS_STAT_H 1
| #define HAVE_STDLIB_H 1
| #define HAVE_STRING_H 1
| #define HAVE_MEMORY_H 1
| #define HAVE_STRINGS_H 1
| #define HAVE_INTTYPES_H 1
| #define HAVE_STDINT_H 1
| #define HAVE_UNISTD_H 1
| #define HAVE_DLFCN_H 1
| #define LT_OBJDIR ".libs/"
| #define HAVE_THREAD 1
| #define HAVE_SYNC_LOCK_TEST_AND_SET 1
| #define HAVE_SYS_EVENTFD_H 1
| #define HAVE_SYS_SYSCALL_H 1
| #define HAVE_CLOCK_GETTIME 1
| #define HAVE_CLOCK_MONOTONIC 1
| #define HAVE_CLOCK_REALTIME 1
| #define HAVE_EPOLL_CREATE 1
| #define HAVE_EPOLL_CREATE1 1
| #define HAVE_EVENTFD 1
| /* end confdefs.h.  */
| /* Define gettid to an innocuous variant, in case <limits.h> declares gettid.
|    For example, HP-UX 11i <limits.h> declares gettimeofday.  */
| #define gettid innocuous_gettid
| 
| /* System header to define __stub macros and hopefully few prototypes,
|     which can conflict with char gettid (); below.
|     Prefer <limits.h> to <assert.h> if __STDC__ is defined, since
|     <limits.h> exists even on freestanding compilers.  */
| 
| #ifdef __STDC__
| # include <limits.h>
| #else
| # include <assert.h>
| #endif
| 
| #undef gettid
| 
| /* Override any GCC internal prototype to avoid an error.
|    Use char because int might match the return type of a GCC
|    builtin and then its argument prototype would still apply.  */
| #ifdef __cplusplus
| extern "C"
| #endif
| char gettid ();
| /* The GNU C library defines this for functions which it implements
|     to always fail with ENOSYS.  Some functions are actually named
|     something starting with __ and the normal name is an alias.  */
| #if defined __stub_gettid || defined __stub___gettid
| choke me
| #endif
| 
| int
| main ()
| {
| return gettid ();
|   ;
|   return 0;
| }
configure:12987: result: no
configure:12998: checking for inotify_init
configure:12998: gcc -o conftest -g -O2 -Wall -pthread   conftest.c -lrt  >&5
configure:12998: $? = 0
configure:12998: result: yes
configure:13009: checking for kqueue
configure:13009: gcc -o conftest -g -O2 -Wall -pthread   conftest.c -lrt  >&5
/tmp/cce2vcK0.o: In function `main':
/root/monitor/syslog-ng-3.4.1/lib/ivykis/conftest.c:68: undefined reference to `kqueue'
collect2: ld returned 1 exit status
configure:13009: $? = 1
configure: failed program was:
| /* confdefs.h */
| #define PACKAGE_NAME "ivykis"
| #define PACKAGE_TARNAME "ivykis"
| #define PACKAGE_VERSION "0.36.1"
| #define PACKAGE_STRING "ivykis 0.36.1"
| #define PACKAGE_BUGREPORT "libivykis-discuss@lists.sourceforge.net"
| #define PACKAGE_URL ""
| #define PACKAGE "ivykis"
| #define VERSION "0.36.1"
| #define STDC_HEADERS 1
| #define HAVE_SYS_TYPES_H 1
| #define HAVE_SYS_STAT_H 1
| #define HAVE_STDLIB_H 1
| #define HAVE_STRING_H 1
| #define HAVE_MEMORY_H 1
| #define HAVE_STRINGS_H 1
| #define HAVE_INTTYPES_H 1
| #define HAVE_STDINT_H 1
| #define HAVE_UNISTD_H 1
| #define HAVE_DLFCN_H 1
| #define LT_OBJDIR ".libs/"
| #define HAVE_THREAD 1
| #define HAVE_SYNC_LOCK_TEST_AND_SET 1
| #define HAVE_SYS_EVENTFD_H 1
| #define HAVE_SYS_SYSCALL_H 1
| #define HAVE_CLOCK_GETTIME 1
| #define HAVE_CLOCK_MONOTONIC 1
| #define HAVE_CLOCK_REALTIME 1
| #define HAVE_EPOLL_CREATE 1
| #define HAVE_EPOLL_CREATE1 1
| #define HAVE_EVENTFD 1
| #define HAVE_INOTIFY_INIT 1
| /* end confdefs.h.  */
| /* Define kqueue to an innocuous variant, in case <limits.h> declares kqueue.
|    For example, HP-UX 11i <limits.h> declares gettimeofday.  */
| #define kqueue innocuous_kqueue
| 
| /* System header to define __stub macros and hopefully few prototypes,
|     which can conflict with char kqueue (); below.
|     Prefer <limits.h> to <assert.h> if __STDC__ is defined, since
|     <limits.h> exists even on freestanding compilers.  */
| 
| #ifdef __STDC__
| # include <limits.h>
| #else
| # include <assert.h>
| #endif
| 
| #undef kqueue
| 
| /* Override any GCC internal prototype to avoid an error.
|    Use char because int might match the return type of a GCC
|    builtin and then its argument prototype would still apply.  */
| #ifdef __cplusplus
| extern "C"
| #endif
| char kqueue ();
| /* The GNU C library defines this for functions which it implements
|     to always fail with ENOSYS.  Some functions are actually named
|     something starting with __ and the normal name is an alias.  */
| #if defined __stub_kqueue || defined __stub___kqueue
| choke me
| #endif
| 
| int
| main ()
| {
| return kqueue ();
|   ;
|   return 0;
| }
configure:13009: result: no
configure:13020: checking for lwp_gettid
configure:13020: gcc -o conftest -g -O2 -Wall -pthread   conftest.c -lrt  >&5
/tmp/ccEHjRe2.o: In function `main':
/root/monitor/syslog-ng-3.4.1/lib/ivykis/conftest.c:68: undefined reference to `lwp_gettid'
collect2: ld returned 1 exit status
configure:13020: $? = 1
configure: failed program was:
| /* confdefs.h */
| #define PACKAGE_NAME "ivykis"
| #define PACKAGE_TARNAME "ivykis"
| #define PACKAGE_VERSION "0.36.1"
| #define PACKAGE_STRING "ivykis 0.36.1"
| #define PACKAGE_BUGREPORT "libivykis-discuss@lists.sourceforge.net"
| #define PACKAGE_URL ""
| #define PACKAGE "ivykis"
| #define VERSION "0.36.1"
| #define STDC_HEADERS 1
| #define HAVE_SYS_TYPES_H 1
| #define HAVE_SYS_STAT_H 1
| #define HAVE_STDLIB_H 1
| #define HAVE_STRING_H 1
| #define HAVE_MEMORY_H 1
| #define HAVE_STRINGS_H 1
| #define HAVE_INTTYPES_H 1
| #define HAVE_STDINT_H 1
| #define HAVE_UNISTD_H 1
| #define HAVE_DLFCN_H 1
| #define LT_OBJDIR ".libs/"
| #define HAVE_THREAD 1
| #define HAVE_SYNC_LOCK_TEST_AND_SET 1
| #define HAVE_SYS_EVENTFD_H 1
| #define HAVE_SYS_SYSCALL_H 1
| #define HAVE_CLOCK_GETTIME 1
| #define HAVE_CLOCK_MONOTONIC 1
| #define HAVE_CLOCK_REALTIME 1
| #define HAVE_EPOLL_CREATE 1
| #define HAVE_EPOLL_CREATE1 1
| #define HAVE_EVENTFD 1
| #define HAVE_INOTIFY_INIT 1
| /* end confdefs.h.  */
| /* Define lwp_gettid to an innocuous variant, in case <limits.h> declares lwp_gettid.
|    For example, HP-UX 11i <limits.h> declares gettimeofday.  */
| #define lwp_gettid innocuous_lwp_gettid
| 
| /* System header to define __stub macros and hopefully few prototypes,
|     which can conflict with char lwp_gettid (); below.
|     Prefer <limits.h> to <assert.h> if __STDC__ is defined, since
|     <limits.h> exists even on freestanding compilers.  */
| 
| #ifdef __STDC__
| # include <limits.h>
| #else
| # include <assert.h>
| #endif
| 
| #undef lwp_gettid
| 
| /* Override any GCC internal prototype to avoid an error.
|    Use char because int might match the return type of a GCC
|    builtin and then its argument prototype would still apply.  */
| #ifdef __cplusplus
| extern "C"
| #endif
| char lwp_gettid ();
| /* The GNU C library defines this for functions which it implements
|     to always fail with ENOSYS.  Some functions are actually named
|     something starting with __ and the normal name is an alias.  */
| #if defined __stub_lwp_gettid || defined __stub___lwp_gettid
| choke me
| #endif
| 
| int
| main ()
| {
| return lwp_gettid ();
|   ;
|   return 0;
| }
configure:13020: result: no
configure:13031: checking for port_create
configure:13031: gcc -o conftest -g -O2 -Wall -pthread   conftest.c -lrt  >&5
/tmp/ccxXYJN6.o: In function `main':
/root/monitor/syslog-ng-3.4.1/lib/ivykis/conftest.c:68: undefined reference to `port_create'
collect2: ld returned 1 exit status
configure:13031: $? = 1
configure: failed program was:
| /* confdefs.h */
| #define PACKAGE_NAME "ivykis"
| #define PACKAGE_TARNAME "ivykis"
| #define PACKAGE_VERSION "0.36.1"
| #define PACKAGE_STRING "ivykis 0.36.1"
| #define PACKAGE_BUGREPORT "libivykis-discuss@lists.sourceforge.net"
| #define PACKAGE_URL ""
| #define PACKAGE "ivykis"
| #define VERSION "0.36.1"
| #define STDC_HEADERS 1
| #define HAVE_SYS_TYPES_H 1
| #define HAVE_SYS_STAT_H 1
| #define HAVE_STDLIB_H 1
| #define HAVE_STRING_H 1
| #define HAVE_MEMORY_H 1
| #define HAVE_STRINGS_H 1
| #define HAVE_INTTYPES_H 1
| #define HAVE_STDINT_H 1
| #define HAVE_UNISTD_H 1
| #define HAVE_DLFCN_H 1
| #define LT_OBJDIR ".libs/"
| #define HAVE_THREAD 1
| #define HAVE_SYNC_LOCK_TEST_AND_SET 1
| #define HAVE_SYS_EVENTFD_H 1
| #define HAVE_SYS_SYSCALL_H 1
| #define HAVE_CLOCK_GETTIME 1
| #define HAVE_CLOCK_MONOTONIC 1
| #define HAVE_CLOCK_REALTIME 1
| #define HAVE_EPOLL_CREATE 1
| #define HAVE_EPOLL_CREATE1 1
| #define HAVE_EVENTFD 1
| #define HAVE_INOTIFY_INIT 1
| /* end confdefs.h.  */
| /* Define port_create to an innocuous variant, in case <limits.h> declares port_create.
|    For example, HP-UX 11i <limits.h> declares gettimeofday.  */
| #define port_create innocuous_port_create
| 
| /* System header to define __stub macros and hopefully few prototypes,
|     which can conflict with char port_create (); below.
|     Prefer <limits.h> to <assert.h> if __STDC__ is defined, since
|     <limits.h> exists even on freestanding compilers.  */
| 
| #ifdef __STDC__
| # include <limits.h>
| #else
| # include <assert.h>
| #endif
| 
| #undef port_create
| 
| /* Override any GCC internal prototype to avoid an error.
|    Use char because int might match the return type of a GCC
|    builtin and then its argument prototype would still apply.  */
| #ifdef __cplusplus
| extern "C"
| #endif
| char port_create ();
| /* The GNU C library defines this for functions which it implements
|     to always fail with ENOSYS.  Some functions are actually named
|     something starting with __ and the normal name is an alias.  */
| #if defined __stub_port_create || defined __stub___port_create
| choke me
| #endif
| 
| int
| main ()
| {
| return port_create ();
|   ;
|   return 0;
| }
configure:13031: result: no
configure:13042: checking for pthread_spin_lock
configure:13042: gcc -o conftest -g -O2 -Wall -pthread   conftest.c -lrt  >&5
configure:13042: $? = 0
configure:13042: result: yes
configure:13053: checking for thr_self
configure:13053: gcc -o conftest -g -O2 -Wall -pthread   conftest.c -lrt  >&5
/tmp/ccYyFP9f.o: In function `main':
/root/monitor/syslog-ng-3.4.1/lib/ivykis/conftest.c:69: undefined reference to `thr_self'
collect2: ld returned 1 exit status
configure:13053: $? = 1
configure: failed program was:
| /* confdefs.h */
| #define PACKAGE_NAME "ivykis"
| #define PACKAGE_TARNAME "ivykis"
| #define PACKAGE_VERSION "0.36.1"
| #define PACKAGE_STRING "ivykis 0.36.1"
| #define PACKAGE_BUGREPORT "libivykis-discuss@lists.sourceforge.net"
| #define PACKAGE_URL ""
| #define PACKAGE "ivykis"
| #define VERSION "0.36.1"
| #define STDC_HEADERS 1
| #define HAVE_SYS_TYPES_H 1
| #define HAVE_SYS_STAT_H 1
| #define HAVE_STDLIB_H 1
| #define HAVE_STRING_H 1
| #define HAVE_MEMORY_H 1
| #define HAVE_STRINGS_H 1
| #define HAVE_INTTYPES_H 1
| #define HAVE_STDINT_H 1
| #define HAVE_UNISTD_H 1
| #define HAVE_DLFCN_H 1
| #define LT_OBJDIR ".libs/"
| #define HAVE_THREAD 1
| #define HAVE_SYNC_LOCK_TEST_AND_SET 1
| #define HAVE_SYS_EVENTFD_H 1
| #define HAVE_SYS_SYSCALL_H 1
| #define HAVE_CLOCK_GETTIME 1
| #define HAVE_CLOCK_MONOTONIC 1
| #define HAVE_CLOCK_REALTIME 1
| #define HAVE_EPOLL_CREATE 1
| #define HAVE_EPOLL_CREATE1 1
| #define HAVE_EVENTFD 1
| #define HAVE_INOTIFY_INIT 1
| #define HAVE_PTHREAD_SPIN_LOCK 1
| /* end confdefs.h.  */
| /* Define thr_self to an innocuous variant, in case <limits.h> declares thr_self.
|    For example, HP-UX 11i <limits.h> declares gettimeofday.  */
| #define thr_self innocuous_thr_self
| 
| /* System header to define __stub macros and hopefully few prototypes,
|     which can conflict with char thr_self (); below.
|     Prefer <limits.h> to <assert.h> if __STDC__ is defined, since
|     <limits.h> exists even on freestanding compilers.  */
| 
| #ifdef __STDC__
| # include <limits.h>
| #else
| # include <assert.h>
| #endif
| 
| #undef thr_self
| 
| /* Override any GCC internal prototype to avoid an error.
|    Use char because int might match the return type of a GCC
|    builtin and then its argument prototype would still apply.  */
| #ifdef __cplusplus
| extern "C"
| #endif
| char thr_self ();
| /* The GNU C library defines this for functions which it implements
|     to always fail with ENOSYS.  Some functions are actually named
|     something starting with __ and the normal name is an alias.  */
| #if defined __stub_thr_self || defined __stub___thr_self
| choke me
| #endif
| 
| int
| main ()
| {
| return thr_self ();
|   ;
|   return 0;
| }
configure:13053: result: no
configure:13071: checking for splice
configure:13071: gcc -o conftest -g -O2 -Wall -pthread   conftest.c -lrt  >&5
configure:13071: $? = 0
configure:13071: result: yes
configure:13113: checking for wait4
configure:13113: gcc -o conftest -g -O2 -Wall -pthread   conftest.c -lrt  >&5
configure:13113: $? = 0
configure:13113: result: yes
configure:13127: checking whether /usr/bin/ld supports symbol version scripts
configure:13146: gcc -o conftest -g -O2 -Wall -pthread   -Wl,--version-script,conftest.ver conftest.c -lrt  >&5
configure:13146: $? = 0
configure:13153: result: yes
configure:13723: creating ./config.status

## ---------------------- ##
## Running config.status. ##
## ---------------------- ##

This file was extended by ivykis config.status 0.36.1, which was
generated by GNU Autoconf 2.69.  Invocation command line was

  CONFIG_FILES    = 
  CONFIG_HEADERS  = 
  CONFIG_LINKS    = 
  CONFIG_COMMANDS = 
  $ ./config.status 

on cloud-4

config.status:1122: creating Makefile
config.status:1122: creating contrib/Makefile
config.status:1122: creating contrib/iv_getaddrinfo/Makefile
config.status:1122: creating contrib/kojines/Makefile
config.status:1122: creating man3/Makefile
config.status:1122: creating misc/Makefile
config.status:1122: creating misc/ivykis.pc
config.status:1122: creating src/Makefile
config.status:1122: creating src/include/iv.h
config.status:1122: creating test/Makefile
config.status:1122: creating config.h
config.status:1303: config.h is unchanged
config.status:1351: executing depfiles commands
config.status:1351: executing libtool commands

## ---------------- ##
## Cache variables. ##
## ---------------- ##

ac_cv_build=i686-pc-linux-gnu
ac_cv_c_compiler_gnu=yes
ac_cv_define_clock_monotonic=yes
ac_cv_define_clock_realtime=yes
ac_cv_env_CC_set=
ac_cv_env_CC_value=
ac_cv_env_CFLAGS_set=
ac_cv_env_CFLAGS_value=
ac_cv_env_CPPFLAGS_set=
ac_cv_env_CPPFLAGS_value=
ac_cv_env_CPP_set=
ac_cv_env_CPP_value=
ac_cv_env_LDFLAGS_set=
ac_cv_env_LDFLAGS_value=
ac_cv_env_LIBS_set=
ac_cv_env_LIBS_value=
ac_cv_env_build_alias_set=
ac_cv_env_build_alias_value=
ac_cv_env_host_alias_set=
ac_cv_env_host_alias_value=
ac_cv_env_target_alias_set=
ac_cv_env_target_alias_value=
ac_cv_func_clock_gettime=yes
ac_cv_func_epoll_create1=yes
ac_cv_func_epoll_create=yes
ac_cv_func_eventfd=yes
ac_cv_func_gettid=no
ac_cv_func_inotify_init=yes
ac_cv_func_kqueue=no
ac_cv_func_lwp_gettid=no
ac_cv_func_port_create=no
ac_cv_func_pthread_spin_lock=yes
ac_cv_func_splice=yes
ac_cv_func_sync_lock_test_and_set=yes
ac_cv_func_thr_self=no
ac_cv_func_wait4=yes
ac_cv_header_dlfcn_h=yes
ac_cv_header_inttypes_h=yes
ac_cv_header_linux_netfilter_ipv4_h=yes
ac_cv_header_memory_h=yes
ac_cv_header_process_h=no
ac_cv_header_stdc=yes
ac_cv_header_stdint_h=yes
ac_cv_header_stdlib_h=yes
ac_cv_header_string_h=yes
ac_cv_header_strings_h=yes
ac_cv_header_sys_devpoll_h=no
ac_cv_header_sys_eventfd_h=yes
ac_cv_header_sys_stat_h=yes
ac_cv_header_sys_syscall_h=yes
ac_cv_header_sys_thr_h=no
ac_cv_header_sys_types_h=yes
ac_cv_header_thread_h=no
ac_cv_header_unistd_h=yes
ac_cv_host=i686-pc-linux-gnu
ac_cv_host_system=posix
ac_cv_member_struct_timespec_tv_sec=yes
ac_cv_objext=o
ac_cv_path_EGREP='/bin/grep -E'
ac_cv_path_FGREP='/bin/grep -F'
ac_cv_path_GREP=/bin/grep
ac_cv_path_SED=/bin/sed
ac_cv_path_install='/usr/bin/install -c'
ac_cv_path_mkdir=/bin/mkdir
ac_cv_prog_AWK=gawk
ac_cv_prog_CPP='gcc -E'
ac_cv_prog_ac_ct_AR=ar
ac_cv_prog_ac_ct_CC=gcc
ac_cv_prog_ac_ct_MANIFEST_TOOL=mt
ac_cv_prog_ac_ct_OBJDUMP=objdump
ac_cv_prog_ac_ct_RANLIB=ranlib
ac_cv_prog_ac_ct_STRIP=strip
ac_cv_prog_cc_c89=
ac_cv_prog_cc_g=yes
ac_cv_prog_cc_pthread=yes
ac_cv_prog_cc_pthreads=no
ac_cv_prog_ld_version_script=yes
ac_cv_prog_make_make_set=yes
ac_cv_search_clock_gettime=-lrt
ac_cv_search_inet_ntop='none required'
ac_cv_search_pthread_atfork='none required'
ac_cv_search_pthread_create='none required'
ac_cv_search_socket='none required'
ac_cv_search_thr_self=no
ac_cv_timespec_hdr=sys/time.h
am_cv_CC_dependencies_compiler_type=gcc3
lt_cv_ar_at_file=@
lt_cv_deplibs_check_method=pass_all
lt_cv_file_magic_cmd='$MAGIC_CMD'
lt_cv_file_magic_test_file=
lt_cv_ld_reload_flag=-r
lt_cv_nm_interface='BSD nm'
lt_cv_objdir=.libs
lt_cv_path_LD=/usr/bin/ld
lt_cv_path_NM='/usr/bin/nm -B'
lt_cv_path_mainfest_tool=no
lt_cv_prog_compiler_c_o=yes
lt_cv_prog_compiler_pic='-fPIC -DPIC'
lt_cv_prog_compiler_pic_works=yes
lt_cv_prog_compiler_rtti_exceptions=no
lt_cv_prog_compiler_static_works=yes
lt_cv_prog_gnu_ld=yes
lt_cv_sharedlib_from_linklib_cmd='printf %s\n'
lt_cv_shlibpath_overrides_runpath=no
lt_cv_sys_global_symbol_pipe='sed -n -e '\''s/^.*[	 ]\([ABCDGIRSTW][ABCDGIRSTW]*\)[	 ][	 ]*\([_A-Za-z][_A-Za-z0-9]*\)$/\1 \2 \2/p'\'' | sed '\''/ __gnu_lto/d'\'''
lt_cv_sys_global_symbol_to_c_name_address='sed -n -e '\''s/^: \([^ ]*\)[ ]*$/  {\"\1\", (void *) 0},/p'\'' -e '\''s/^[ABCDGIRSTW]* \([^ ]*\) \([^ ]*\)$/  {"\2", (void *) \&\2},/p'\'''
lt_cv_sys_global_symbol_to_c_name_address_lib_prefix='sed -n -e '\''s/^: \([^ ]*\)[ ]*$/  {\"\1\", (void *) 0},/p'\'' -e '\''s/^[ABCDGIRSTW]* \([^ ]*\) \(lib[^ ]*\)$/  {"\2", (void *) \&\2},/p'\'' -e '\''s/^[ABCDGIRSTW]* \([^ ]*\) \([^ ]*\)$/  {"lib\2", (void *) \&\2},/p'\'''
lt_cv_sys_global_symbol_to_cdecl='sed -n -e '\''s/^T .* \(.*\)$/extern int \1();/p'\'' -e '\''s/^[ABCDGIRSTW]* .* \(.*\)$/extern char \1;/p'\'''
lt_cv_sys_max_cmd_len=1572864
lt_cv_to_host_file_cmd=func_convert_file_noop
lt_cv_to_tool_file_cmd=func_convert_file_noop

## ----------------- ##
## Output variables. ##
## ----------------- ##

ACLOCAL='${SHELL} /root/monitor/syslog-ng-3.4.1/lib/ivykis/missing --run aclocal-1.11'
AMDEPBACKSLASH='\'
AMDEP_FALSE='#'
AMDEP_TRUE=''
AMTAR='$${TAR-tar}'
AR='ar'
AS=''
AUTOCONF='${SHELL} /root/monitor/syslog-ng-3.4.1/lib/ivykis/missing --run autoconf'
AUTOHEADER='${SHELL} /root/monitor/syslog-ng-3.4.1/lib/ivykis/missing --run autoheader'
AUTOMAKE='${SHELL} /root/monitor/syslog-ng-3.4.1/lib/ivykis/missing --run automake-1.11'
AWK='gawk'
BUILD_ON_CYGWIN_FALSE=''
BUILD_ON_CYGWIN_TRUE='#'
CC='gcc'
CCDEPMODE='depmode=gcc3'
CFLAGS='-g -O2 -Wall -pthread'
CPP='gcc -E'
CPPFLAGS=''
CYGPATH_W='echo'
DEFS='-DHAVE_CONFIG_H'
DEPDIR='.deps'
DLLTOOL='false'
DSYMUTIL=''
DUMPBIN=''
ECHO_C=''
ECHO_N='-n'
ECHO_T=''
EGREP='/bin/grep -E'
EXEEXT=''
FGREP='/bin/grep -F'
GREP='/bin/grep'
HAVE_DEV_POLL_FALSE=''
HAVE_DEV_POLL_TRUE='#'
HAVE_EPOLL_FALSE='#'
HAVE_EPOLL_TRUE=''
HAVE_INOTIFY_FALSE='#'
HAVE_INOTIFY_TRUE=''
HAVE_KQUEUE_FALSE=''
HAVE_KQUEUE_TRUE='#'
HAVE_LINUX_NETFILTER_IPV4_H_FALSE='#'
HAVE_LINUX_NETFILTER_IPV4_H_TRUE=''
HAVE_PORT_FALSE=''
HAVE_PORT_TRUE='#'
HAVE_POSIX_FALSE='#'
HAVE_POSIX_TRUE=''
HAVE_VERSIONING_FALSE='#'
HAVE_VERSIONING_TRUE=''
HAVE_WIN32_FALSE=''
HAVE_WIN32_TRUE='#'
INSTALL_DATA='${INSTALL} -m 644'
INSTALL_PROGRAM='${INSTALL}'
INSTALL_SCRIPT='${INSTALL}'
INSTALL_STRIP_PROGRAM='$(install_sh) -c -s'
LD='/usr/bin/ld'
LDFLAGS=''
LIBOBJS=''
LIBS='-lrt '
LIBTOOL='$(SHELL) $(top_builddir)/libtool'
LIPO=''
LN_S='ln -s'
LTLIBOBJS=''
MAKEINFO='${SHELL} /root/monitor/syslog-ng-3.4.1/lib/ivykis/missing --run makeinfo'
MANIFEST_TOOL=':'
MKDIR_P='/bin/mkdir -p'
NM='/usr/bin/nm -B'
NMEDIT=''
OBJDUMP='objdump'
OBJEXT='o'
OTOOL64=''
OTOOL=''
PACKAGE='ivykis'
PACKAGE_BUGREPORT='libivykis-discuss@lists.sourceforge.net'
PACKAGE_NAME='ivykis'
PACKAGE_STRING='ivykis 0.36.1'
PACKAGE_TARNAME='ivykis'
PACKAGE_URL=''
PACKAGE_VERSION='0.36.1'
PATH_SEPARATOR=':'
RANLIB='ranlib'
SED='/bin/sed'
SET_MAKE=''
SHELL='/bin/bash'
STRIP='strip'
VERSION='0.36.1'
ac_ct_AR='ar'
ac_ct_CC='gcc'
ac_ct_DUMPBIN=''
ac_cv_timespec_hdr='sys/time.h'
am__EXEEXT_FALSE=''
am__EXEEXT_TRUE='#'
am__fastdepCC_FALSE='#'
am__fastdepCC_TRUE=''
am__include='include'
am__isrc=''
am__leading_dot='.'
am__nodep='_no'
am__quote=''
am__tar='$${TAR-tar} chof - "$$tardir"'
am__untar='$${TAR-tar} xf -'
bindir='${exec_prefix}/bin'
build='i686-pc-linux-gnu'
build_alias=''
build_cpu='i686'
build_os='linux-gnu'
build_vendor='pc'
datadir='${datarootdir}'
datarootdir='${prefix}/share'
docdir='${datarootdir}/doc/${PACKAGE_TARNAME}'
dvidir='${docdir}'
exec_prefix='${prefix}'
host='i686-pc-linux-gnu'
host_alias=''
host_cpu='i686'
host_os='linux-gnu'
host_vendor='pc'
htmldir='${docdir}'
includedir='${prefix}/include'
infodir='${datarootdir}/info'
install_sh='${SHELL} /root/monitor/syslog-ng-3.4.1/lib/ivykis/install-sh'
libdir='${exec_prefix}/lib'
libexecdir='${exec_prefix}/libexec'
localedir='${datarootdir}/locale'
localstatedir='${prefix}/var'
mandir='${datarootdir}/man'
mkdir_p='/bin/mkdir -p'
oldincludedir='/usr/include'
pdfdir='${docdir}'
prefix='/usr/local'
program_transform_name='s,x,x,'
psdir='${docdir}'
sbindir='${exec_prefix}/sbin'
sharedstatedir='${prefix}/com'
sysconfdir='${prefix}/etc'
target_alias=''

## ----------- ##
## confdefs.h. ##
## ----------- ##

/* confdefs.h */
#define PACKAGE_NAME "ivykis"
#define PACKAGE_TARNAME "ivykis"
#define PACKAGE_VERSION "0.36.1"
#define PACKAGE_STRING "ivykis 0.36.1"
#define PACKAGE_BUGREPORT "libivykis-discuss@lists.sourceforge.net"
#define PACKAGE_URL ""
#define PACKAGE "ivykis"
#define VERSION "0.36.1"
#define STDC_HEADERS 1
#define HAVE_SYS_TYPES_H 1
#define HAVE_SYS_STAT_H 1
#define HAVE_STDLIB_H 1
#define HAVE_STRING_H 1
#define HAVE_MEMORY_H 1
#define HAVE_STRINGS_H 1
#define HAVE_INTTYPES_H 1
#define HAVE_STDINT_H 1
#define HAVE_UNISTD_H 1
#define HAVE_DLFCN_H 1
#define LT_OBJDIR ".libs/"
#define HAVE_THREAD 1
#define HAVE_SYNC_LOCK_TEST_AND_SET 1
#define HAVE_SYS_EVENTFD_H 1
#define HAVE_SYS_SYSCALL_H 1
#define HAVE_CLOCK_GETTIME 1
#define HAVE_CLOCK_MONOTONIC 1
#define HAVE_CLOCK_REALTIME 1
#define HAVE_EPOLL_CREATE 1
#define HAVE_EPOLL_CREATE1 1
#define HAVE_EVENTFD 1
#define HAVE_INOTIFY_INIT 1
#define HAVE_PTHREAD_SPIN_LOCK 1
#define HAVE_SPLICE 1
#define HAVE_WAIT4 1

configure: exit 0
