This file contains any messages produced by compilers while
running configure, to aid debugging if configure makes a mistake.

It was created by libmongo-client configure 0.1.5, which was
generated by GNU Autoconf 2.69.  Invocation command line was

  $ ./configure --disable-option-checking --prefix=/usr/local PKG_CONFIG_PATH=/usr/local/src/eventlog-0.2.12:/usr/local/:/usr/local/include/:/usr/local/lib:/usr/local/lib64 EVTLOG_CFLAGS=/usr/local/lib EVTLOG_LIBS=/usr/local/lib --cache-file=/dev/null --srcdir=. --disable-shared --enable-static --with-pic

## --------- ##
## Platform. ##
## --------- ##

hostname = cloud-4
uname -m = i686
uname -r = 3.2.0-35-generic-pae
uname -s = Linux
uname -v = #55-Ubuntu SMP Wed Dec 5 18:04:39 UTC 2012

/usr/bin/uname -p = unknown
/bin/uname -X     = unknown

/bin/arch              = unknown
/usr/bin/arch -k       = unknown
/usr/convex/getsysinfo = unknown
/usr/bin/hostinfo      = unknown
/bin/machine           = unknown
/usr/bin/oslevel       = unknown
/bin/universe          = unknown

PATH: /usr/local/sbin
PATH: /usr/local/bin
PATH: /usr/sbin
PATH: /usr/bin
PATH: /sbin
PATH: /bin
PATH: /usr/games


## ----------- ##
## Core tests. ##
## ----------- ##

configure:2335: checking for a BSD-compatible install
configure:2403: result: /usr/bin/install -c
configure:2414: checking whether build environment is sane
configure:2464: result: yes
configure:2605: checking for a thread-safe mkdir -p
configure:2644: result: /bin/mkdir -p
configure:2657: checking for gawk
configure:2673: found /usr/bin/gawk
configure:2684: result: gawk
configure:2695: checking whether make sets $(MAKE)
configure:2717: result: yes
configure:2792: checking how to create a ustar tar archive
configure:2805: tar --version
tar (GNU tar) 1.26
Copyright (C) 2011 Free Software Foundation, Inc.
License GPLv3+: GNU GPL version 3 or later <http://gnu.org/licenses/gpl.html>.
This is free software: you are free to change and redistribute it.
There is NO WARRANTY, to the extent permitted by law.

Written by John Gilmore and Jay Fenlason.
configure:2808: $? = 0
configure:2848: tardir=conftest.dir && eval tar --format=ustar -chf - "$tardir" >conftest.tar
configure:2851: $? = 0
configure:2855: tar -xf - <conftest.tar
configure:2858: $? = 0
configure:2871: result: gnutar
configure:2896: checking whether make supports nested variables
configure:2913: result: yes
configure:2985: checking for gcc
configure:3001: found /usr/bin/gcc
configure:3012: result: gcc
configure:3241: checking for C compiler version
configure:3250: gcc --version >&5
gcc (Ubuntu/Linaro 4.6.3-1ubuntu5) 4.6.3
Copyright (C) 2011 Free Software Foundation, Inc.
This is free software; see the source for copying conditions.  There is NO
warranty; not even for MERCHANTABILITY or FITNESS FOR A PARTICULAR PURPOSE.

configure:3261: $? = 0
configure:3250: gcc -v >&5
Using built-in specs.
COLLECT_GCC=gcc
COLLECT_LTO_WRAPPER=/usr/lib/gcc/i686-linux-gnu/4.6/lto-wrapper
Target: i686-linux-gnu
Configured with: ../src/configure -v --with-pkgversion='Ubuntu/Linaro 4.6.3-1ubuntu5' --with-bugurl=file:///usr/share/doc/gcc-4.6/README.Bugs --enable-languages=c,c++,fortran,objc,obj-c++ --prefix=/usr --program-suffix=-4.6 --enable-shared --enable-linker-build-id --with-system-zlib --libexecdir=/usr/lib --without-included-gettext --enable-threads=posix --with-gxx-include-dir=/usr/include/c++/4.6 --libdir=/usr/lib --enable-nls --with-sysroot=/ --enable-clocale=gnu --enable-libstdcxx-debug --enable-libstdcxx-time=yes --enable-gnu-unique-object --enable-plugin --enable-objc-gc --enable-targets=all --disable-werror --with-arch-32=i686 --with-tune=generic --enable-checking=release --build=i686-linux-gnu --host=i686-linux-gnu --target=i686-linux-gnu
Thread model: posix
gcc version 4.6.3 (Ubuntu/Linaro 4.6.3-1ubuntu5) 
configure:3261: $? = 0
configure:3250: gcc -V >&5
gcc: error: unrecognized option '-V'
gcc: fatal error: no input files
compilation terminated.
configure:3261: $? = 4
configure:3250: gcc -qversion >&5
gcc: error: unrecognized option '-qversion'
gcc: fatal error: no input files
compilation terminated.
configure:3261: $? = 4
configure:3281: checking whether the C compiler works
configure:3303: gcc    conftest.c  >&5
configure:3307: $? = 0
configure:3355: result: yes
configure:3358: checking for C compiler default output file name
configure:3360: result: a.out
configure:3366: checking for suffix of executables
configure:3373: gcc -o conftest    conftest.c  >&5
configure:3377: $? = 0
configure:3399: result: 
configure:3421: checking whether we are cross compiling
configure:3429: gcc -o conftest    conftest.c  >&5
configure:3433: $? = 0
configure:3440: ./conftest
configure:3444: $? = 0
configure:3459: result: no
configure:3464: checking for suffix of object files
configure:3486: gcc -c   conftest.c >&5
configure:3490: $? = 0
configure:3511: result: o
configure:3515: checking whether we are using the GNU C compiler
configure:3534: gcc -c   conftest.c >&5
configure:3534: $? = 0
configure:3543: result: yes
configure:3552: checking whether gcc accepts -g
configure:3572: gcc -c -g  conftest.c >&5
configure:3572: $? = 0
configure:3613: result: yes
configure:3630: checking for gcc option to accept ISO C89
configure:3693: gcc  -c -g -O2  conftest.c >&5
configure:3693: $? = 0
configure:3706: result: none needed
configure:3737: checking for style of include used by make
configure:3765: result: GNU
configure:3791: checking dependency style of gcc
configure:3902: result: gcc3
configure:3965: checking for gcc
configure:3992: result: gcc
configure:4221: checking for C compiler version
configure:4230: gcc --version >&5
gcc (Ubuntu/Linaro 4.6.3-1ubuntu5) 4.6.3
Copyright (C) 2011 Free Software Foundation, Inc.
This is free software; see the source for copying conditions.  There is NO
warranty; not even for MERCHANTABILITY or FITNESS FOR A PARTICULAR PURPOSE.

configure:4241: $? = 0
configure:4230: gcc -v >&5
Using built-in specs.
COLLECT_GCC=gcc
COLLECT_LTO_WRAPPER=/usr/lib/gcc/i686-linux-gnu/4.6/lto-wrapper
Target: i686-linux-gnu
Configured with: ../src/configure -v --with-pkgversion='Ubuntu/Linaro 4.6.3-1ubuntu5' --with-bugurl=file:///usr/share/doc/gcc-4.6/README.Bugs --enable-languages=c,c++,fortran,objc,obj-c++ --prefix=/usr --program-suffix=-4.6 --enable-shared --enable-linker-build-id --with-system-zlib --libexecdir=/usr/lib --without-included-gettext --enable-threads=posix --with-gxx-include-dir=/usr/include/c++/4.6 --libdir=/usr/lib --enable-nls --with-sysroot=/ --enable-clocale=gnu --enable-libstdcxx-debug --enable-libstdcxx-time=yes --enable-gnu-unique-object --enable-plugin --enable-objc-gc --enable-targets=all --disable-werror --with-arch-32=i686 --with-tune=generic --enable-checking=release --build=i686-linux-gnu --host=i686-linux-gnu --target=i686-linux-gnu
Thread model: posix
gcc version 4.6.3 (Ubuntu/Linaro 4.6.3-1ubuntu5) 
configure:4241: $? = 0
configure:4230: gcc -V >&5
gcc: error: unrecognized option '-V'
gcc: fatal error: no input files
compilation terminated.
configure:4241: $? = 4
configure:4230: gcc -qversion >&5
gcc: error: unrecognized option '-qversion'
gcc: fatal error: no input files
compilation terminated.
configure:4241: $? = 4
configure:4245: checking whether we are using the GNU C compiler
configure:4273: result: yes
configure:4282: checking whether gcc accepts -g
configure:4343: result: yes
configure:4360: checking for gcc option to accept ISO C89
configure:4436: result: none needed
configure:4458: checking dependency style of gcc
configure:4569: result: gcc3
configure:4587: checking whether make sets $(MAKE)
configure:4609: result: yes
configure:4672: checking for pkg-config
configure:4690: found /usr/bin/pkg-config
configure:4702: result: /usr/bin/pkg-config
configure:4727: checking pkg-config is at least version 0.9.0
configure:4730: result: yes
configure:4767: checking build system type
configure:4781: result: i686-pc-linux-gnu
configure:4801: checking host system type
configure:4814: result: i686-pc-linux-gnu
configure:4855: checking how to print strings
configure:4882: result: printf
configure:4903: checking for a sed that does not truncate output
configure:4967: result: /bin/sed
configure:4985: checking for grep that handles long lines and -e
configure:5043: result: /bin/grep
configure:5048: checking for egrep
configure:5110: result: /bin/grep -E
configure:5115: checking for fgrep
configure:5177: result: /bin/grep -F
configure:5212: checking for ld used by gcc
configure:5279: result: /usr/bin/ld
configure:5286: checking if the linker (/usr/bin/ld) is GNU ld
configure:5301: result: yes
configure:5313: checking for BSD- or MS-compatible name lister (nm)
configure:5362: result: /usr/bin/nm -B
configure:5492: checking the name lister (/usr/bin/nm -B) interface
configure:5499: gcc -c -g -O2  conftest.c >&5
configure:5502: /usr/bin/nm -B "conftest.o"
configure:5505: output
00000000 B some_variable
configure:5512: result: BSD nm
configure:5515: checking whether ln -s works
configure:5519: result: yes
configure:5527: checking the maximum length of command line arguments
configure:5657: result: 1572864
configure:5674: checking whether the shell understands some XSI constructs
configure:5684: result: yes
configure:5688: checking whether the shell understands "+="
configure:5694: result: yes
configure:5729: checking how to convert i686-pc-linux-gnu file names to i686-pc-linux-gnu format
configure:5769: result: func_convert_file_noop
configure:5776: checking how to convert i686-pc-linux-gnu file names to toolchain format
configure:5796: result: func_convert_file_noop
configure:5803: checking for /usr/bin/ld option to reload object files
configure:5810: result: -r
configure:5884: checking for objdump
configure:5900: found /usr/bin/objdump
configure:5911: result: objdump
configure:5943: checking how to recognize dependent libraries
configure:6141: result: pass_all
configure:6226: checking for dlltool
configure:6256: result: no
configure:6286: checking how to associate runtime and link libraries
configure:6313: result: printf %s\n
configure:6374: checking for ar
configure:6390: found /usr/bin/ar
configure:6401: result: ar
configure:6438: checking for archiver @FILE support
configure:6455: gcc -c -g -O2  conftest.c >&5
configure:6455: $? = 0
configure:6458: ar cru libconftest.a @conftest.lst >&5
configure:6461: $? = 0
configure:6466: ar cru libconftest.a @conftest.lst >&5
ar: conftest.o: No such file or directory
configure:6469: $? = 1
configure:6481: result: @
configure:6539: checking for strip
configure:6555: found /usr/bin/strip
configure:6566: result: strip
configure:6638: checking for ranlib
configure:6654: found /usr/bin/ranlib
configure:6665: result: ranlib
configure:6767: checking command to parse /usr/bin/nm -B output from gcc object
configure:6887: gcc -c -g -O2  conftest.c >&5
configure:6890: $? = 0
configure:6894: /usr/bin/nm -B conftest.o \| sed -n -e 's/^.*[ ]\([ABCDGIRSTW][ABCDGIRSTW]*\)[ ][ ]*\([_A-Za-z][_A-Za-z0-9]*\)$/\1 \2 \2/p' | sed '/ __gnu_lto/d' \> conftest.nm
configure:6897: $? = 0
configure:6963: gcc -o conftest -g -O2   conftest.c conftstm.o >&5
configure:6966: $? = 0
configure:7004: result: ok
configure:7041: checking for sysroot
configure:7071: result: no
configure:7327: checking for mt
configure:7343: found /bin/mt
configure:7354: result: mt
configure:7377: checking if mt is a manifest tool
configure:7383: mt '-?'
configure:7391: result: no
configure:8033: checking how to run the C preprocessor
configure:8064: gcc -E  conftest.c
configure:8064: $? = 0
configure:8078: gcc -E  conftest.c
conftest.c:11:28: fatal error: ac_nonexistent.h: No such file or directory
compilation terminated.
configure:8078: $? = 1
configure: failed program was:
| /* confdefs.h */
| #define PACKAGE_NAME "libmongo-client"
| #define PACKAGE_TARNAME "libmongo-client"
| #define PACKAGE_VERSION "0.1.5"
| #define PACKAGE_STRING "libmongo-client 0.1.5"
| #define PACKAGE_BUGREPORT "algernon@madhouse-project.org"
| #define PACKAGE_URL "https://github.com/algernon/libmongo-client"
| #define PACKAGE "libmongo-client"
| #define VERSION "0.1.5"
| /* end confdefs.h.  */
| #include <ac_nonexistent.h>
configure:8103: result: gcc -E
configure:8123: gcc -E  conftest.c
configure:8123: $? = 0
configure:8137: gcc -E  conftest.c
conftest.c:11:28: fatal error: ac_nonexistent.h: No such file or directory
compilation terminated.
configure:8137: $? = 1
configure: failed program was:
| /* confdefs.h */
| #define PACKAGE_NAME "libmongo-client"
| #define PACKAGE_TARNAME "libmongo-client"
| #define PACKAGE_VERSION "0.1.5"
| #define PACKAGE_STRING "libmongo-client 0.1.5"
| #define PACKAGE_BUGREPORT "algernon@madhouse-project.org"
| #define PACKAGE_URL "https://github.com/algernon/libmongo-client"
| #define PACKAGE "libmongo-client"
| #define VERSION "0.1.5"
| /* end confdefs.h.  */
| #include <ac_nonexistent.h>
configure:8166: checking for ANSI C header files
configure:8186: gcc -c -g -O2  conftest.c >&5
configure:8186: $? = 0
configure:8259: gcc -o conftest -g -O2   conftest.c  >&5
configure:8259: $? = 0
configure:8259: ./conftest
configure:8259: $? = 0
configure:8270: result: yes
configure:8283: checking for sys/types.h
configure:8283: gcc -c -g -O2  conftest.c >&5
configure:8283: $? = 0
configure:8283: result: yes
configure:8283: checking for sys/stat.h
configure:8283: gcc -c -g -O2  conftest.c >&5
configure:8283: $? = 0
configure:8283: result: yes
configure:8283: checking for stdlib.h
configure:8283: gcc -c -g -O2  conftest.c >&5
configure:8283: $? = 0
configure:8283: result: yes
configure:8283: checking for string.h
configure:8283: gcc -c -g -O2  conftest.c >&5
configure:8283: $? = 0
configure:8283: result: yes
configure:8283: checking for memory.h
configure:8283: gcc -c -g -O2  conftest.c >&5
configure:8283: $? = 0
configure:8283: result: yes
configure:8283: checking for strings.h
configure:8283: gcc -c -g -O2  conftest.c >&5
configure:8283: $? = 0
configure:8283: result: yes
configure:8283: checking for inttypes.h
configure:8283: gcc -c -g -O2  conftest.c >&5
configure:8283: $? = 0
configure:8283: result: yes
configure:8283: checking for stdint.h
configure:8283: gcc -c -g -O2  conftest.c >&5
configure:8283: $? = 0
configure:8283: result: yes
configure:8283: checking for unistd.h
configure:8283: gcc -c -g -O2  conftest.c >&5
configure:8283: $? = 0
configure:8283: result: yes
configure:8297: checking for dlfcn.h
configure:8297: gcc -c -g -O2  conftest.c >&5
configure:8297: $? = 0
configure:8297: result: yes
configure:8502: checking for objdir
configure:8517: result: .libs
configure:8788: checking if gcc supports -fno-rtti -fno-exceptions
configure:8806: gcc -c -g -O2  -fno-rtti -fno-exceptions conftest.c >&5
cc1: warning: command line option '-fno-rtti' is valid for C++/ObjC++ but not for C [enabled by default]
configure:8810: $? = 0
configure:8823: result: no
configure:9150: checking for gcc option to produce PIC
configure:9157: result: -fPIC -DPIC
configure:9165: checking if gcc PIC flag -fPIC -DPIC works
configure:9183: gcc -c -g -O2  -fPIC -DPIC -DPIC conftest.c >&5
configure:9187: $? = 0
configure:9200: result: yes
configure:9229: checking if gcc static flag -static works
configure:9257: result: yes
configure:9272: checking if gcc supports -c -o file.o
configure:9293: gcc -c -g -O2  -o out/conftest2.o conftest.c >&5
configure:9297: $? = 0
configure:9319: result: yes
configure:9327: checking if gcc supports -c -o file.o
configure:9374: result: yes
configure:9407: checking whether the gcc linker (/usr/bin/ld) supports shared libraries
configure:10564: result: yes
configure:10804: checking dynamic linker characteristics
configure:11304: gcc -o conftest -g -O2   -Wl,-rpath -Wl,/foo conftest.c  >&5
configure:11304: $? = 0
configure:11538: result: GNU/Linux ld.so
configure:11645: checking how to hardcode library paths into programs
configure:11670: result: immediate
configure:12210: checking whether stripping libraries is possible
configure:12215: result: yes
configure:12250: checking if libtool supports shared libraries
configure:12252: result: yes
configure:12255: checking whether to build shared libraries
configure:12276: result: no
configure:12279: checking whether to build static libraries
configure:12283: result: yes
configure:12322: checking for ANSI C header files
configure:12426: result: yes
configure:12438: checking arpa/inet.h usability
configure:12438: gcc -c -g -O2  conftest.c >&5
configure:12438: $? = 0
configure:12438: result: yes
configure:12438: checking arpa/inet.h presence
configure:12438: gcc -E  conftest.c
configure:12438: $? = 0
configure:12438: result: yes
configure:12438: checking for arpa/inet.h
configure:12438: result: yes
configure:12438: checking fcntl.h usability
configure:12438: gcc -c -g -O2  conftest.c >&5
configure:12438: $? = 0
configure:12438: result: yes
configure:12438: checking fcntl.h presence
configure:12438: gcc -E  conftest.c
configure:12438: $? = 0
configure:12438: result: yes
configure:12438: checking for fcntl.h
configure:12438: result: yes
configure:12438: checking netinet/in.h usability
configure:12438: gcc -c -g -O2  conftest.c >&5
configure:12438: $? = 0
configure:12438: result: yes
configure:12438: checking netinet/in.h presence
configure:12438: gcc -E  conftest.c
configure:12438: $? = 0
configure:12438: result: yes
configure:12438: checking for netinet/in.h
configure:12438: result: yes
configure:12438: checking sys/socket.h usability
configure:12438: gcc -c -g -O2  conftest.c >&5
configure:12438: $? = 0
configure:12438: result: yes
configure:12438: checking sys/socket.h presence
configure:12438: gcc -E  conftest.c
configure:12438: $? = 0
configure:12438: result: yes
configure:12438: checking for sys/socket.h
configure:12438: result: yes
configure:12438: checking netdb.h usability
configure:12438: gcc -c -g -O2  conftest.c >&5
configure:12438: $? = 0
configure:12438: result: yes
configure:12438: checking netdb.h presence
configure:12438: gcc -E  conftest.c
configure:12438: $? = 0
configure:12438: result: yes
configure:12438: checking for netdb.h
configure:12438: result: yes
configure:12449: checking for struct sockaddr_storage
configure:12468: result: yes
configure:12477: checking for struct sockaddr_in6
configure:12496: result: yes
configure:12499: checking for socket
configure:12499: gcc -o conftest -g -O2   conftest.c  >&5
configure:12499: $? = 0
configure:12499: result: yes
configure:12557: checking for stdlib.h
configure:12557: result: yes
configure:12557: checking for unistd.h
configure:12557: result: yes
configure:12557: checking for sys/param.h
configure:12557: gcc -c -g -O2  conftest.c >&5
configure:12557: $? = 0
configure:12557: result: yes
configure:12577: checking for getpagesize
configure:12577: gcc -o conftest -g -O2   conftest.c  >&5
configure:12577: $? = 0
configure:12577: result: yes
configure:12586: checking for working mmap
configure:12733: gcc -o conftest -g -O2   conftest.c  >&5
configure:12733: $? = 0
configure:12733: ./conftest
configure:12733: $? = 0
configure:12743: result: yes
configure:12752: checking for off_t
configure:12752: gcc -c -g -O2  conftest.c >&5
configure:12752: $? = 0
configure:12752: gcc -c -g -O2  conftest.c >&5
conftest.c: In function 'main':
conftest.c:71:20: error: expected expression before ')' token
configure:12752: $? = 1
configure: failed program was:
| /* confdefs.h */
| #define PACKAGE_NAME "libmongo-client"
| #define PACKAGE_TARNAME "libmongo-client"
| #define PACKAGE_VERSION "0.1.5"
| #define PACKAGE_STRING "libmongo-client 0.1.5"
| #define PACKAGE_BUGREPORT "algernon@madhouse-project.org"
| #define PACKAGE_URL "https://github.com/algernon/libmongo-client"
| #define PACKAGE "libmongo-client"
| #define VERSION "0.1.5"
| #define STDC_HEADERS 1
| #define HAVE_SYS_TYPES_H 1
| #define HAVE_SYS_STAT_H 1
| #define HAVE_STDLIB_H 1
| #define HAVE_STRING_H 1
| #define HAVE_MEMORY_H 1
| #define HAVE_STRINGS_H 1
| #define HAVE_INTTYPES_H 1
| #define HAVE_STDINT_H 1
| #define HAVE_UNISTD_H 1
| #define HAVE_DLFCN_H 1
| #define LT_OBJDIR ".libs/"
| #define STDC_HEADERS 1
| #define HAVE_ARPA_INET_H 1
| #define HAVE_FCNTL_H 1
| #define HAVE_NETINET_IN_H 1
| #define HAVE_SYS_SOCKET_H 1
| #define HAVE_NETDB_H 1
| #define HAVE_STRUCT_SOCKADDR_STORAGE 1
| #define HAVE_STDLIB_H 1
| #define HAVE_UNISTD_H 1
| #define HAVE_SYS_PARAM_H 1
| #define HAVE_GETPAGESIZE 1
| #define HAVE_MMAP 1
| /* end confdefs.h.  */
| #include <stdio.h>
| #ifdef HAVE_SYS_TYPES_H
| # include <sys/types.h>
| #endif
| #ifdef HAVE_SYS_STAT_H
| # include <sys/stat.h>
| #endif
| #ifdef STDC_HEADERS
| # include <stdlib.h>
| # include <stddef.h>
| #else
| # ifdef HAVE_STDLIB_H
| #  include <stdlib.h>
| # endif
| #endif
| #ifdef HAVE_STRING_H
| # if !defined STDC_HEADERS && defined HAVE_MEMORY_H
| #  include <memory.h>
| # endif
| # include <string.h>
| #endif
| #ifdef HAVE_STRINGS_H
| # include <strings.h>
| #endif
| #ifdef HAVE_INTTYPES_H
| # include <inttypes.h>
| #endif
| #ifdef HAVE_STDINT_H
| # include <stdint.h>
| #endif
| #ifdef HAVE_UNISTD_H
| # include <unistd.h>
| #endif
| int
| main ()
| {
| if (sizeof ((off_t)))
| 	    return 0;
|   ;
|   return 0;
| }
configure:12752: result: yes
configure:12763: checking for pid_t
configure:12763: gcc -c -g -O2  conftest.c >&5
configure:12763: $? = 0
configure:12763: gcc -c -g -O2  conftest.c >&5
conftest.c: In function 'main':
conftest.c:71:20: error: expected expression before ')' token
configure:12763: $? = 1
configure: failed program was:
| /* confdefs.h */
| #define PACKAGE_NAME "libmongo-client"
| #define PACKAGE_TARNAME "libmongo-client"
| #define PACKAGE_VERSION "0.1.5"
| #define PACKAGE_STRING "libmongo-client 0.1.5"
| #define PACKAGE_BUGREPORT "algernon@madhouse-project.org"
| #define PACKAGE_URL "https://github.com/algernon/libmongo-client"
| #define PACKAGE "libmongo-client"
| #define VERSION "0.1.5"
| #define STDC_HEADERS 1
| #define HAVE_SYS_TYPES_H 1
| #define HAVE_SYS_STAT_H 1
| #define HAVE_STDLIB_H 1
| #define HAVE_STRING_H 1
| #define HAVE_MEMORY_H 1
| #define HAVE_STRINGS_H 1
| #define HAVE_INTTYPES_H 1
| #define HAVE_STDINT_H 1
| #define HAVE_UNISTD_H 1
| #define HAVE_DLFCN_H 1
| #define LT_OBJDIR ".libs/"
| #define STDC_HEADERS 1
| #define HAVE_ARPA_INET_H 1
| #define HAVE_FCNTL_H 1
| #define HAVE_NETINET_IN_H 1
| #define HAVE_SYS_SOCKET_H 1
| #define HAVE_NETDB_H 1
| #define HAVE_STRUCT_SOCKADDR_STORAGE 1
| #define HAVE_STDLIB_H 1
| #define HAVE_UNISTD_H 1
| #define HAVE_SYS_PARAM_H 1
| #define HAVE_GETPAGESIZE 1
| #define HAVE_MMAP 1
| /* end confdefs.h.  */
| #include <stdio.h>
| #ifdef HAVE_SYS_TYPES_H
| # include <sys/types.h>
| #endif
| #ifdef HAVE_SYS_STAT_H
| # include <sys/stat.h>
| #endif
| #ifdef STDC_HEADERS
| # include <stdlib.h>
| # include <stddef.h>
| #else
| # ifdef HAVE_STDLIB_H
| #  include <stdlib.h>
| # endif
| #endif
| #ifdef HAVE_STRING_H
| # if !defined STDC_HEADERS && defined HAVE_MEMORY_H
| #  include <memory.h>
| # endif
| # include <string.h>
| #endif
| #ifdef HAVE_STRINGS_H
| # include <strings.h>
| #endif
| #ifdef HAVE_INTTYPES_H
| # include <inttypes.h>
| #endif
| #ifdef HAVE_STDINT_H
| # include <stdint.h>
| #endif
| #ifdef HAVE_UNISTD_H
| # include <unistd.h>
| #endif
| int
| main ()
| {
| if (sizeof ((pid_t)))
| 	    return 0;
|   ;
|   return 0;
| }
configure:12763: result: yes
configure:12774: checking for size_t
configure:12774: gcc -c -g -O2  conftest.c >&5
configure:12774: $? = 0
configure:12774: gcc -c -g -O2  conftest.c >&5
conftest.c: In function 'main':
conftest.c:71:21: error: expected expression before ')' token
configure:12774: $? = 1
configure: failed program was:
| /* confdefs.h */
| #define PACKAGE_NAME "libmongo-client"
| #define PACKAGE_TARNAME "libmongo-client"
| #define PACKAGE_VERSION "0.1.5"
| #define PACKAGE_STRING "libmongo-client 0.1.5"
| #define PACKAGE_BUGREPORT "algernon@madhouse-project.org"
| #define PACKAGE_URL "https://github.com/algernon/libmongo-client"
| #define PACKAGE "libmongo-client"
| #define VERSION "0.1.5"
| #define STDC_HEADERS 1
| #define HAVE_SYS_TYPES_H 1
| #define HAVE_SYS_STAT_H 1
| #define HAVE_STDLIB_H 1
| #define HAVE_STRING_H 1
| #define HAVE_MEMORY_H 1
| #define HAVE_STRINGS_H 1
| #define HAVE_INTTYPES_H 1
| #define HAVE_STDINT_H 1
| #define HAVE_UNISTD_H 1
| #define HAVE_DLFCN_H 1
| #define LT_OBJDIR ".libs/"
| #define STDC_HEADERS 1
| #define HAVE_ARPA_INET_H 1
| #define HAVE_FCNTL_H 1
| #define HAVE_NETINET_IN_H 1
| #define HAVE_SYS_SOCKET_H 1
| #define HAVE_NETDB_H 1
| #define HAVE_STRUCT_SOCKADDR_STORAGE 1
| #define HAVE_STDLIB_H 1
| #define HAVE_UNISTD_H 1
| #define HAVE_SYS_PARAM_H 1
| #define HAVE_GETPAGESIZE 1
| #define HAVE_MMAP 1
| /* end confdefs.h.  */
| #include <stdio.h>
| #ifdef HAVE_SYS_TYPES_H
| # include <sys/types.h>
| #endif
| #ifdef HAVE_SYS_STAT_H
| # include <sys/stat.h>
| #endif
| #ifdef STDC_HEADERS
| # include <stdlib.h>
| # include <stddef.h>
| #else
| # ifdef HAVE_STDLIB_H
| #  include <stdlib.h>
| # endif
| #endif
| #ifdef HAVE_STRING_H
| # if !defined STDC_HEADERS && defined HAVE_MEMORY_H
| #  include <memory.h>
| # endif
| # include <string.h>
| #endif
| #ifdef HAVE_STRINGS_H
| # include <strings.h>
| #endif
| #ifdef HAVE_INTTYPES_H
| # include <inttypes.h>
| #endif
| #ifdef HAVE_STDINT_H
| # include <stdint.h>
| #endif
| #ifdef HAVE_UNISTD_H
| # include <unistd.h>
| #endif
| int
| main ()
| {
| if (sizeof ((size_t)))
| 	    return 0;
|   ;
|   return 0;
| }
configure:12774: result: yes
configure:12788: checking for memset
configure:12788: gcc -o conftest -g -O2   conftest.c  >&5
conftest.c:58:6: warning: conflicting types for built-in function 'memset' [enabled by default]
configure:12788: $? = 0
configure:12788: result: yes
configure:12788: checking for socket
configure:12788: result: yes
configure:12788: checking for getaddrinfo
configure:12788: gcc -o conftest -g -O2   conftest.c  >&5
configure:12788: $? = 0
configure:12788: result: yes
configure:12788: checking for munmap
configure:12788: gcc -o conftest -g -O2   conftest.c  >&5
configure:12788: $? = 0
configure:12788: result: yes
configure:12788: checking for strtol
configure:12788: gcc -o conftest -g -O2   conftest.c  >&5
configure:12788: $? = 0
configure:12788: result: yes
configure:12788: checking for strerror
configure:12788: gcc -o conftest -g -O2   conftest.c  >&5
configure:12788: $? = 0
configure:12788: result: yes
configure:12801: checking for GLIB
configure:12808: $PKG_CONFIG --exists --print-errors "glib-2.0 >= $GLIB_MIN_VERSION"
configure:12811: $? = 0
configure:12825: $PKG_CONFIG --exists --print-errors "glib-2.0 >= $GLIB_MIN_VERSION"
configure:12828: $? = 0
configure:12886: result: yes
configure:12896: checking sanity checking Glib headers
configure:12917: gcc -o conftest -g -O2 -I/usr/include/glib-2.0 -I/usr/lib/i386-linux-gnu/glib-2.0/include    -lglib-2.0   conftest.c  >&5
configure:12917: $? = 0
configure:12917: ./conftest
configure:12917: $? = 0
configure:12927: result: yes
configure:12939: checking for g_checksum_new in -lglib-2.0
configure:12964: gcc -o conftest -g -O2   conftest.c -lglib-2.0  -lglib-2.0   >&5
configure:12964: $? = 0
configure:12973: result: yes
configure:13066: checking for inline
configure:13082: gcc -c -g -O2  conftest.c >&5
configure:13082: $? = 0
configure:13090: result: inline
configure:13109: checking whether to enable IPv6 support
configure:13113: result: yes
configure:13121: checking whether to enable symbol versioning
configure:13125: result: no
configure:13279: creating ./config.status

## ---------------------- ##
## Running config.status. ##
## ---------------------- ##

This file was extended by libmongo-client config.status 0.1.5, which was
generated by GNU Autoconf 2.69.  Invocation command line was

  CONFIG_FILES    = 
  CONFIG_HEADERS  = 
  CONFIG_LINKS    = 
  CONFIG_COMMANDS = 
  $ ./config.status 

on cloud-4

config.status:1118: creating Doxyfile
config.status:1118: creating Makefile
config.status:1118: creating docs/Makefile
config.status:1118: creating docs/tutorial/Makefile
config.status:1118: creating examples/Makefile
config.status:1118: creating src/Makefile
config.status:1118: creating src/libmongo-client.pc
config.status:1118: creating tests/Makefile
config.status:1118: creating tests/libtap/Makefile
config.status:1118: creating config.h
config.status:1299: config.h is unchanged
config.status:1347: executing depfiles commands
config.status:1347: executing libtool commands

## ---------------- ##
## Cache variables. ##
## ---------------- ##

ac_cv_build=i686-pc-linux-gnu
ac_cv_c_compiler_gnu=yes
ac_cv_c_inline=inline
ac_cv_env_CC_set=
ac_cv_env_CC_value=
ac_cv_env_CFLAGS_set=
ac_cv_env_CFLAGS_value=
ac_cv_env_CPPFLAGS_set=
ac_cv_env_CPPFLAGS_value=
ac_cv_env_CPP_set=
ac_cv_env_CPP_value=
ac_cv_env_GLIB_CFLAGS_set=
ac_cv_env_GLIB_CFLAGS_value=
ac_cv_env_GLIB_LIBS_set=
ac_cv_env_GLIB_LIBS_value=
ac_cv_env_LDFLAGS_set=
ac_cv_env_LDFLAGS_value=
ac_cv_env_LIBS_set=
ac_cv_env_LIBS_value=
ac_cv_env_OPENSSL_CFLAGS_set=
ac_cv_env_OPENSSL_CFLAGS_value=
ac_cv_env_OPENSSL_LIBS_set=
ac_cv_env_OPENSSL_LIBS_value=
ac_cv_env_PKG_CONFIG_LIBDIR_set=
ac_cv_env_PKG_CONFIG_LIBDIR_value=
ac_cv_env_PKG_CONFIG_PATH_set=set
ac_cv_env_PKG_CONFIG_PATH_value=/usr/local/src/eventlog-0.2.12:/usr/local/:/usr/local/include/:/usr/local/lib:/usr/local/lib64
ac_cv_env_PKG_CONFIG_set=
ac_cv_env_PKG_CONFIG_value=
ac_cv_env_build_alias_set=
ac_cv_env_build_alias_value=
ac_cv_env_host_alias_set=
ac_cv_env_host_alias_value=
ac_cv_env_target_alias_set=
ac_cv_env_target_alias_value=
ac_cv_func_getaddrinfo=yes
ac_cv_func_getpagesize=yes
ac_cv_func_memset=yes
ac_cv_func_mmap_fixed_mapped=yes
ac_cv_func_munmap=yes
ac_cv_func_socket=yes
ac_cv_func_strerror=yes
ac_cv_func_strtol=yes
ac_cv_header_arpa_inet_h=yes
ac_cv_header_dlfcn_h=yes
ac_cv_header_fcntl_h=yes
ac_cv_header_inttypes_h=yes
ac_cv_header_memory_h=yes
ac_cv_header_netdb_h=yes
ac_cv_header_netinet_in_h=yes
ac_cv_header_stdc=yes
ac_cv_header_stdint_h=yes
ac_cv_header_stdlib_h=yes
ac_cv_header_string_h=yes
ac_cv_header_strings_h=yes
ac_cv_header_sys_param_h=yes
ac_cv_header_sys_socket_h=yes
ac_cv_header_sys_stat_h=yes
ac_cv_header_sys_types_h=yes
ac_cv_header_unistd_h=yes
ac_cv_host=i686-pc-linux-gnu
ac_cv_lib_glib_2_0_g_checksum_new=yes
ac_cv_objext=o
ac_cv_path_EGREP='/bin/grep -E'
ac_cv_path_FGREP='/bin/grep -F'
ac_cv_path_GREP=/bin/grep
ac_cv_path_SED=/bin/sed
ac_cv_path_ac_pt_PKG_CONFIG=/usr/bin/pkg-config
ac_cv_path_install='/usr/bin/install -c'
ac_cv_path_mkdir=/bin/mkdir
ac_cv_prog_AWK=gawk
ac_cv_prog_CPP='gcc -E'
ac_cv_prog_ac_ct_AR=ar
ac_cv_prog_ac_ct_CC=gcc
ac_cv_prog_ac_ct_MANIFEST_TOOL=mt
ac_cv_prog_ac_ct_OBJDUMP=objdump
ac_cv_prog_ac_ct_RANLIB=ranlib
ac_cv_prog_ac_ct_STRIP=strip
ac_cv_prog_cc_c89=
ac_cv_prog_cc_g=yes
ac_cv_prog_make_make_set=yes
ac_cv_type_off_t=yes
ac_cv_type_pid_t=yes
ac_cv_type_size_t=yes
am_cv_CC_dependencies_compiler_type=gcc3
am_cv_make_support_nested_variables=yes
am_cv_prog_cc_stdc=
am_cv_prog_tar_ustar=gnutar
blb_cv_c_struct_sockaddr_in6=yes
blb_cv_c_struct_sockaddr_storage=yes
blb_cv_glib_sane=yes
lt_cv_ar_at_file=@
lt_cv_deplibs_check_method=pass_all
lt_cv_file_magic_cmd='$MAGIC_CMD'
lt_cv_file_magic_test_file=
lt_cv_ld_reload_flag=-r
lt_cv_nm_interface='BSD nm'
lt_cv_objdir=.libs
lt_cv_path_LD=/usr/bin/ld
lt_cv_path_NM='/usr/bin/nm -B'
lt_cv_path_mainfest_tool=no
lt_cv_prog_compiler_c_o=yes
lt_cv_prog_compiler_pic='-fPIC -DPIC'
lt_cv_prog_compiler_pic_works=yes
lt_cv_prog_compiler_rtti_exceptions=no
lt_cv_prog_compiler_static_works=yes
lt_cv_prog_gnu_ld=yes
lt_cv_sharedlib_from_linklib_cmd='printf %s\n'
lt_cv_shlibpath_overrides_runpath=no
lt_cv_sys_global_symbol_pipe='sed -n -e '\''s/^.*[	 ]\([ABCDGIRSTW][ABCDGIRSTW]*\)[	 ][	 ]*\([_A-Za-z][_A-Za-z0-9]*\)$/\1 \2 \2/p'\'' | sed '\''/ __gnu_lto/d'\'''
lt_cv_sys_global_symbol_to_c_name_address='sed -n -e '\''s/^: \([^ ]*\)[ ]*$/  {\"\1\", (void *) 0},/p'\'' -e '\''s/^[ABCDGIRSTW]* \([^ ]*\) \([^ ]*\)$/  {"\2", (void *) \&\2},/p'\'''
lt_cv_sys_global_symbol_to_c_name_address_lib_prefix='sed -n -e '\''s/^: \([^ ]*\)[ ]*$/  {\"\1\", (void *) 0},/p'\'' -e '\''s/^[ABCDGIRSTW]* \([^ ]*\) \(lib[^ ]*\)$/  {"\2", (void *) \&\2},/p'\'' -e '\''s/^[ABCDGIRSTW]* \([^ ]*\) \([^ ]*\)$/  {"lib\2", (void *) \&\2},/p'\'''
lt_cv_sys_global_symbol_to_cdecl='sed -n -e '\''s/^T .* \(.*\)$/extern int \1();/p'\'' -e '\''s/^[ABCDGIRSTW]* .* \(.*\)$/extern char \1;/p'\'''
lt_cv_sys_max_cmd_len=1572864
lt_cv_to_host_file_cmd=func_convert_file_noop
lt_cv_to_tool_file_cmd=func_convert_file_noop
pkg_cv_GLIB_CFLAGS='-I/usr/include/glib-2.0 -I/usr/lib/i386-linux-gnu/glib-2.0/include  '
pkg_cv_GLIB_LIBS='-lglib-2.0  '

## ----------------- ##
## Output variables. ##
## ----------------- ##

ACLOCAL='${SHELL} /root/monitor/syslog-ng-3.4.1/modules/afmongodb/libmongo-client/missing --run aclocal-1.11'
AMDEPBACKSLASH='\'
AMDEP_FALSE='#'
AMDEP_TRUE=''
AMTAR='$${TAR-tar}'
AM_BACKSLASH='\'
AM_DEFAULT_V='$(AM_DEFAULT_VERBOSITY)'
AM_DEFAULT_VERBOSITY='0'
AM_V='$(V)'
AR='ar'
AUTOCONF='${SHELL} /root/monitor/syslog-ng-3.4.1/modules/afmongodb/libmongo-client/missing --run autoconf'
AUTOHEADER='${SHELL} /root/monitor/syslog-ng-3.4.1/modules/afmongodb/libmongo-client/missing --run autoheader'
AUTOMAKE='${SHELL} /root/monitor/syslog-ng-3.4.1/modules/afmongodb/libmongo-client/missing --run automake-1.11'
AWK='gawk'
CC='gcc'
CCDEPMODE='depmode=gcc3'
CFLAGS='-g -O2'
CPP='gcc -E'
CPPFLAGS=''
CYGPATH_W='echo'
DEFS='-DHAVE_CONFIG_H'
DEPDIR='.deps'
DLLTOOL='false'
DSYMUTIL=''
DUMPBIN=''
ECHO_C=''
ECHO_N='-n'
ECHO_T=''
EGREP='/bin/grep -E'
EXEEXT=''
FGREP='/bin/grep -F'
GLIB_CFLAGS='-I/usr/include/glib-2.0 -I/usr/lib/i386-linux-gnu/glib-2.0/include  '
GLIB_LIBS='-lglib-2.0  '
GREP='/bin/grep'
INSTALL_DATA='${INSTALL} -m 644'
INSTALL_PROGRAM='${INSTALL}'
INSTALL_SCRIPT='${INSTALL}'
INSTALL_STRIP_PROGRAM='$(install_sh) -c -s'
LD='/usr/bin/ld'
LDFLAGS=''
LIBOBJS=''
LIBS=''
LIBTOOL='$(SHELL) $(top_builddir)/libtool'
LIPO=''
LN_S='ln -s'
LTLIBOBJS=''
MAKEINFO='${SHELL} /root/monitor/syslog-ng-3.4.1/modules/afmongodb/libmongo-client/missing --run makeinfo'
MANIFEST_TOOL=':'
MKDIR_P='/bin/mkdir -p'
NM='/usr/bin/nm -B'
NMEDIT=''
OBJDUMP='objdump'
OBJEXT='o'
OPENSSL_CFLAGS=''
OPENSSL_LIBS=''
OTOOL64=''
OTOOL=''
PACKAGE='libmongo-client'
PACKAGE_BUGREPORT='algernon@madhouse-project.org'
PACKAGE_NAME='libmongo-client'
PACKAGE_STRING='libmongo-client 0.1.5'
PACKAGE_TARNAME='libmongo-client'
PACKAGE_URL='https://github.com/algernon/libmongo-client'
PACKAGE_VERSION='0.1.5'
PATH_SEPARATOR=':'
PKG_CONFIG='/usr/bin/pkg-config'
PKG_CONFIG_LIBDIR=''
PKG_CONFIG_PATH='/usr/local/src/eventlog-0.2.12:/usr/local/:/usr/local/include/:/usr/local/lib:/usr/local/lib64'
RANLIB='ranlib'
SED='/bin/sed'
SET_MAKE=''
SHELL='/bin/bash'
STRIP='strip'
VERSION='0.1.5'
ac_ct_AR='ar'
ac_ct_CC='gcc'
ac_ct_DUMPBIN=''
am__EXEEXT_FALSE=''
am__EXEEXT_TRUE='#'
am__fastdepCC_FALSE='#'
am__fastdepCC_TRUE=''
am__include='include'
am__isrc=''
am__leading_dot='.'
am__nodep='_no'
am__quote=''
am__tar='tar --format=ustar -chf - "$$tardir"'
am__untar='tar -xf -'
bindir='${exec_prefix}/bin'
build='i686-pc-linux-gnu'
build_alias=''
build_cpu='i686'
build_os='linux-gnu'
build_vendor='pc'
datadir='${datarootdir}'
datarootdir='${prefix}/share'
docdir='${datarootdir}/doc/${PACKAGE_TARNAME}'
dvidir='${docdir}'
exec_prefix='${prefix}'
host='i686-pc-linux-gnu'
host_alias=''
host_cpu='i686'
host_os='linux-gnu'
host_vendor='pc'
htmldir='${docdir}'
includedir='${prefix}/include'
infodir='${datarootdir}/info'
install_sh='${SHELL} /root/monitor/syslog-ng-3.4.1/modules/afmongodb/libmongo-client/install-sh'
libdir='${exec_prefix}/lib'
libexecdir='${exec_prefix}/libexec'
localedir='${datarootdir}/locale'
localstatedir='${prefix}/var'
mandir='${datarootdir}/man'
mkdir_p='/bin/mkdir -p'
oldincludedir='/usr/include'
pdfdir='${docdir}'
prefix='/usr/local'
program_transform_name='s,x,x,'
psdir='${docdir}'
sbindir='${exec_prefix}/sbin'
sharedstatedir='${prefix}/com'
sysconfdir='${prefix}/etc'
target_alias=''
vsymldflags=''

## ----------- ##
## confdefs.h. ##
## ----------- ##

/* confdefs.h */
#define PACKAGE_NAME "libmongo-client"
#define PACKAGE_TARNAME "libmongo-client"
#define PACKAGE_VERSION "0.1.5"
#define PACKAGE_STRING "libmongo-client 0.1.5"
#define PACKAGE_BUGREPORT "algernon@madhouse-project.org"
#define PACKAGE_URL "https://github.com/algernon/libmongo-client"
#define PACKAGE "libmongo-client"
#define VERSION "0.1.5"
#define STDC_HEADERS 1
#define HAVE_SYS_TYPES_H 1
#define HAVE_SYS_STAT_H 1
#define HAVE_STDLIB_H 1
#define HAVE_STRING_H 1
#define HAVE_MEMORY_H 1
#define HAVE_STRINGS_H 1
#define HAVE_INTTYPES_H 1
#define HAVE_STDINT_H 1
#define HAVE_UNISTD_H 1
#define HAVE_DLFCN_H 1
#define LT_OBJDIR ".libs/"
#define STDC_HEADERS 1
#define HAVE_ARPA_INET_H 1
#define HAVE_FCNTL_H 1
#define HAVE_NETINET_IN_H 1
#define HAVE_SYS_SOCKET_H 1
#define HAVE_NETDB_H 1
#define HAVE_STRUCT_SOCKADDR_STORAGE 1
#define HAVE_STDLIB_H 1
#define HAVE_UNISTD_H 1
#define HAVE_SYS_PARAM_H 1
#define HAVE_GETPAGESIZE 1
#define HAVE_MMAP 1
#define HAVE_MEMSET 1
#define HAVE_SOCKET 1
#define HAVE_GETADDRINFO 1
#define HAVE_MUNMAP 1
#define HAVE_STRTOL 1
#define HAVE_STRERROR 1
#define WITH_OPENSSL 0
#define PACKAGE "libmongo-client"
#define VERSION "0.1.5"

configure: exit 0
